0 info it worked if it ends with ok
1 verbose cli [ 'node', '/usr/local/bin/npm', 'install', '-g', 'grunt-cli.' ]
2 info using npm@1.4.28
3 info using node@v0.10.33
4 verbose cache add [ 'grunt-cli.', null ]
5 verbose cache add name=undefined spec="grunt-cli." args=["grunt-cli.",null]
6 verbose parsed url { protocol: null,
6 verbose parsed url   slashes: null,
6 verbose parsed url   auth: null,
6 verbose parsed url   host: null,
6 verbose parsed url   port: null,
6 verbose parsed url   hostname: null,
6 verbose parsed url   hash: null,
6 verbose parsed url   search: null,
6 verbose parsed url   query: null,
6 verbose parsed url   pathname: 'grunt-cli.',
6 verbose parsed url   path: 'grunt-cli.',
6 verbose parsed url   href: 'grunt-cli.' }
7 silly lockFile 888b9ef6-grunt-cli grunt-cli.
8 verbose lock grunt-cli. /Users/allysorge/.npm/888b9ef6-grunt-cli.lock
9 silly lockFile 888b9ef6-grunt-cli grunt-cli.
10 silly lockFile 888b9ef6-grunt-cli grunt-cli.
11 verbose addNamed [ 'grunt-cli.', '' ]
12 verbose addNamed [ null, '*' ]
13 silly lockFile 0d50b575-grunt-cli grunt-cli.@
14 verbose lock grunt-cli.@ /Users/allysorge/.npm/0d50b575-grunt-cli.lock
15 silly addNameRange { name: 'grunt-cli.', range: '*', hasData: false }
16 verbose request where is /grunt-cli.
17 verbose request registry https://registry.npmjs.org/
18 verbose request id fb4b3ecf1312ae60
19 verbose url raw /grunt-cli.
20 verbose url resolving [ 'https://registry.npmjs.org/', './grunt-cli.' ]
21 verbose url resolved https://registry.npmjs.org/grunt-cli.
22 verbose request where is https://registry.npmjs.org/grunt-cli.
23 info trying registry request attempt 1 at 16:48:31
24 http GET https://registry.npmjs.org/grunt-cli.
25 http 404 https://registry.npmjs.org/grunt-cli.
26 verbose headers { date: 'Mon, 01 Dec 2014 21:48:23 GMT',
26 verbose headers   server: 'CouchDB/1.5.0 (Erlang OTP/R16B03)',
26 verbose headers   'content-type': 'application/json',
26 verbose headers   'cache-control': 'max-age=0',
26 verbose headers   'content-length': '52',
26 verbose headers   'accept-ranges': 'bytes',
26 verbose headers   via: '1.1 varnish',
26 verbose headers   'x-served-by': 'cache-atl6227-ATL',
26 verbose headers   'x-cache': 'MISS',
26 verbose headers   'x-cache-hits': '0',
26 verbose headers   'x-timer': 'S1417470503.050131,VS0,VE76',
26 verbose headers   'keep-alive': 'timeout=10, max=50',
26 verbose headers   connection: 'Keep-Alive' }
27 silly registry.get cb [ 404,
27 silly registry.get   { date: 'Mon, 01 Dec 2014 21:48:23 GMT',
27 silly registry.get     server: 'CouchDB/1.5.0 (Erlang OTP/R16B03)',
27 silly registry.get     'content-type': 'application/json',
27 silly registry.get     'cache-control': 'max-age=0',
27 silly registry.get     'content-length': '52',
27 silly registry.get     'accept-ranges': 'bytes',
27 silly registry.get     via: '1.1 varnish',
27 silly registry.get     'x-served-by': 'cache-atl6227-ATL',
27 silly registry.get     'x-cache': 'MISS',
27 silly registry.get     'x-cache-hits': '0',
27 silly registry.get     'x-timer': 'S1417470503.050131,VS0,VE76',
27 silly registry.get     'keep-alive': 'timeout=10, max=50',
27 silly registry.get     connection: 'Keep-Alive' } ]
28 silly lockFile 0d50b575-grunt-cli grunt-cli.@
29 silly lockFile 0d50b575-grunt-cli grunt-cli.@
30 error 404 404 Not Found: grunt-cli.
30 error 404
30 error 404 'grunt-cli.' is not in the npm registry.
30 error 404 You should bug the author to publish it
30 error 404
30 error 404 Note that you can also install from a
30 error 404 tarball, folder, or http url, or git url.
31 error System Darwin 14.0.0
32 error command "node" "/usr/local/bin/npm" "install" "-g" "grunt-cli."
33 error cwd /Users/allysorge/sdfb
34 error node -v v0.10.33
35 error npm -v 1.4.28
36 error code E404
37 verbose exit [ 1, true ]
