Connecting to database specified by database.yml
Connecting to database specified by database.yml
Connecting to database specified by database.yml
Connecting to database specified by database.yml
Connecting to database specified by database.yml
Connecting to database specified by database.yml
Connecting to database specified by database.yml
  [1m[36m (22.3ms)[0m  [1mselect sqlite_version(*)[0m
  [1m[35m (1.9ms)[0m  CREATE TABLE "schema_migrations" ("version" varchar(255) NOT NULL) 
  [1m[36m (1.6ms)[0m  [1mCREATE UNIQUE INDEX "unique_schema_migrations" ON "schema_migrations" ("version")[0m
  [1m[35m (0.1ms)[0m  SELECT "schema_migrations"."version" FROM "schema_migrations" 
Migrating to CreateUserRelContribs (20140609004913)
  [1m[36m (0.0ms)[0m  [1mbegin transaction[0m
  [1m[35m (0.0ms)[0m  rollback transaction
Connecting to database specified by database.yml
  [1m[36m (0.1ms)[0m  [1mSELECT "schema_migrations"."version" FROM "schema_migrations" [0m
Migrating to CreateUserRelContribs (20140609004913)
  [1m[35m (0.0ms)[0m  select sqlite_version(*)
  [1m[36m (0.0ms)[0m  [1mbegin transaction[0m
  [1m[35m (0.0ms)[0m  rollback transaction
Connecting to database specified by database.yml
  [1m[36m (0.1ms)[0m  [1mSELECT "schema_migrations"."version" FROM "schema_migrations" [0m
Migrating to CreateUserRelContribs (20140609004913)
  [1m[35m (0.0ms)[0m  select sqlite_version(*)
  [1m[36m (0.0ms)[0m  [1mbegin transaction[0m
  [1m[35m (0.0ms)[0m  rollback transaction
Connecting to database specified by database.yml
  [1m[36m (0.1ms)[0m  [1mSELECT "schema_migrations"."version" FROM "schema_migrations" [0m
Migrating to CreateUserRelContribs (20140609004913)
  [1m[35m (0.0ms)[0m  select sqlite_version(*)
  [1m[36m (0.0ms)[0m  [1mbegin transaction[0m
  [1m[35m (0.0ms)[0m  rollback transaction
Connecting to database specified by database.yml
  [1m[36m (0.1ms)[0m  [1mSELECT "schema_migrations"."version" FROM "schema_migrations" [0m
Migrating to CreateUserRelContribs (20140609004913)
  [1m[35m (0.0ms)[0m  select sqlite_version(*)
  [1m[36m (0.0ms)[0m  [1mbegin transaction[0m
  [1m[35m (0.1ms)[0m  rollback transaction
Connecting to database specified by database.yml
  [1m[36m (0.1ms)[0m  [1mSELECT "schema_migrations"."version" FROM "schema_migrations" [0m
Migrating to CreateUserRelContribs (20140609004913)
  [1m[35m (0.1ms)[0m  select sqlite_version(*)
  [1m[36m (0.0ms)[0m  [1mbegin transaction[0m
  [1m[35m (0.0ms)[0m  rollback transaction
Connecting to database specified by database.yml
  [1m[36m (0.1ms)[0m  [1mSELECT "schema_migrations"."version" FROM "schema_migrations" [0m
Migrating to CreateUserRelContribs (20140609004913)
  [1m[35m (0.1ms)[0m  select sqlite_version(*)
  [1m[36m (0.0ms)[0m  [1mbegin transaction[0m
  [1m[35m (0.7ms)[0m  CREATE TABLE "user_rel_contribs" ("id" INTEGER PRIMARY KEY AUTOINCREMENT NOT NULL, "relationship_id" integer, "created_by" integer, "confidence_type" varchar(255), "annotation" text, "bibliography" text, "relationship_type" varchar(255), "created_at" datetime NOT NULL, "updated_at" datetime NOT NULL) 
  [1m[36m (0.2ms)[0m  [1mINSERT INTO "schema_migrations" ("version") VALUES ('20140609004913')[0m
  [1m[35m (2.7ms)[0m  commit transaction
Migrating to CreateUsers (20140609005018)
  [1m[36m (0.1ms)[0m  [1mbegin transaction[0m
  [1m[35m (0.5ms)[0m  CREATE TABLE "users" ("id" INTEGER PRIMARY KEY AUTOINCREMENT NOT NULL, "first_name" varchar(255), "last_name" varchar(255), "email" varchar(255), "password_hash" varchar(255), "password_salt" varchar(255), "user_type" varchar(255), "affiliation" varchar(255), "is_admin" boolean, "about_description" text, "is_active" boolean, "created_at" datetime NOT NULL, "updated_at" datetime NOT NULL) 
  [1m[36m (0.1ms)[0m  [1mINSERT INTO "schema_migrations" ("version") VALUES ('20140609005018')[0m
  [1m[35m (2.7ms)[0m  commit transaction
Migrating to CreateRelationships (20140609005101)
  [1m[36m (0.1ms)[0m  [1mbegin transaction[0m
  [1m[35m (0.5ms)[0m  CREATE TABLE "relationships" ("id" INTEGER PRIMARY KEY AUTOINCREMENT NOT NULL, "person1_index" integer, "person2_index" integer, "original_certainty" decimal, "created_at" datetime NOT NULL, "updated_at" datetime NOT NULL) 
  [1m[36m (0.1ms)[0m  [1mINSERT INTO "schema_migrations" ("version") VALUES ('20140609005101')[0m
  [1m[35m (1.4ms)[0m  commit transaction
Migrating to CreatePeople (20140609005159)
  [1m[36m (0.0ms)[0m  [1mbegin transaction[0m
  [1m[35m (0.5ms)[0m  CREATE TABLE "people" ("id" INTEGER PRIMARY KEY AUTOINCREMENT NOT NULL, "name" varchar(255), "created_by" integer, "birth_year" integer, "death_year" integer, "historical_significance" text, "created_at" datetime NOT NULL, "updated_at" datetime NOT NULL) 
  [1m[36m (0.1ms)[0m  [1mINSERT INTO "schema_migrations" ("version") VALUES ('20140609005159')[0m
  [1m[35m (1.5ms)[0m  commit transaction
Migrating to CreateGroups (20140609005242)
  [1m[36m (0.0ms)[0m  [1mbegin transaction[0m
  [1m[35m (0.4ms)[0m  CREATE TABLE "groups" ("id" INTEGER PRIMARY KEY AUTOINCREMENT NOT NULL, "name" varchar(255), "description" text, "created_by" integer, "created_at" datetime NOT NULL, "updated_at" datetime NOT NULL) 
  [1m[36m (0.1ms)[0m  [1mINSERT INTO "schema_migrations" ("version") VALUES ('20140609005242')[0m
  [1m[35m (2.0ms)[0m  commit transaction
  [1m[36m (0.1ms)[0m  [1mSELECT "schema_migrations"."version" FROM "schema_migrations" [0m
Connecting to database specified by database.yml
Connecting to database specified by database.yml
  [1m[36m (0.1ms)[0m  [1mSELECT "schema_migrations"."version" FROM "schema_migrations" [0m
Migrating to CreateUserRelContribs (20140609004913)
Migrating to CreateUsers (20140609005018)
Migrating to CreateRelationships (20140609005101)
Migrating to CreatePeople (20140609005159)
Migrating to CreateGroups (20140609005242)
  [1m[35m (0.1ms)[0m  select sqlite_version(*)
  [1m[36m (0.1ms)[0m  [1mSELECT "schema_migrations"."version" FROM "schema_migrations" [0m
Connecting to database specified by database.yml
  [1m[36m (0.1ms)[0m  [1mSELECT "schema_migrations"."version" FROM "schema_migrations" [0m
Migrating to CreateUserRelContribs (20140609004913)
Migrating to CreateUsers (20140609005018)
Migrating to CreateRelationships (20140609005101)
Migrating to CreatePeople (20140609005159)
Migrating to CreateGroups (20140609005242)
  [1m[35m (0.1ms)[0m  select sqlite_version(*)
  [1m[36m (0.1ms)[0m  [1mSELECT "schema_migrations"."version" FROM "schema_migrations" [0m


Started GET "/assets/rails.png" for 127.0.0.1 at 2014-06-09 17:50:00 -0400
Connecting to database specified by database.yml
Served asset /rails.png - 200 OK (9ms)


Started GET "/groups" for 127.0.0.1 at 2014-06-09 17:50:08 -0400
Processing by GroupsController#index as HTML
  [1m[36mGroup Load (0.1ms)[0m  [1mSELECT "groups".* FROM "groups" [0m
  Rendered groups/index.html.erb within layouts/application (6.6ms)
Warning. Error encountered while saving cache /Users/KatarinaShaw/Desktop/sdfb/tmp/cache/sass/050d5946b428fac1e82baa0f08fd18aa3980fd7a/groups.css.scssc: can't dump anonymous class #<Class:0x00000100e2c4c0>
Compiled groups.css  (618ms)  (pid 8588)
Warning. Error encountered while saving cache /Users/KatarinaShaw/Desktop/sdfb/tmp/cache/sass/050d5946b428fac1e82baa0f08fd18aa3980fd7a/people.css.scssc: can't dump anonymous class #<Class:0x00000100e2c4c0>
Compiled people.css  (2ms)  (pid 8588)
Warning. Error encountered while saving cache /Users/KatarinaShaw/Desktop/sdfb/tmp/cache/sass/050d5946b428fac1e82baa0f08fd18aa3980fd7a/relationships.css.scssc: can't dump anonymous class #<Class:0x00000100e2c4c0>
Compiled relationships.css  (2ms)  (pid 8588)
Warning. Error encountered while saving cache /Users/KatarinaShaw/Desktop/sdfb/tmp/cache/sass/050d5946b428fac1e82baa0f08fd18aa3980fd7a/scaffolds.css.scssc: can't dump anonymous class #<Class:0x00000100e2c4c0>
Compiled scaffolds.css  (14ms)  (pid 8588)
Warning. Error encountered while saving cache /Users/KatarinaShaw/Desktop/sdfb/tmp/cache/sass/050d5946b428fac1e82baa0f08fd18aa3980fd7a/user_rel_contribs.css.scssc: can't dump anonymous class #<Class:0x00000100e2c4c0>
Compiled user_rel_contribs.css  (2ms)  (pid 8588)
Warning. Error encountered while saving cache /Users/KatarinaShaw/Desktop/sdfb/tmp/cache/sass/050d5946b428fac1e82baa0f08fd18aa3980fd7a/users.css.scssc: can't dump anonymous class #<Class:0x00000100e2c4c0>
Compiled users.css  (2ms)  (pid 8588)
Compiled application.css  (899ms)  (pid 8588)
Compiled jquery.js  (3ms)  (pid 8588)
Compiled jquery_ujs.js  (0ms)  (pid 8588)
Compiled groups.js  (767ms)  (pid 8588)
Compiled people.js  (137ms)  (pid 8588)
Compiled relationships.js  (97ms)  (pid 8588)
Compiled user_rel_contribs.js  (113ms)  (pid 8588)
Compiled users.js  (134ms)  (pid 8588)
Compiled application.js  (1517ms)  (pid 8588)
Completed 200 OK in 3221ms (Views: 3005.2ms | ActiveRecord: 2.6ms)


Started GET "/assets/application.css?body=1" for 127.0.0.1 at 2014-06-09 17:50:12 -0400
Served asset /application.css - 200 OK (44ms)


Started GET "/assets/people.css?body=1" for 127.0.0.1 at 2014-06-09 17:50:12 -0400
Served asset /people.css - 200 OK (2ms)


Started GET "/assets/groups.css?body=1" for 127.0.0.1 at 2014-06-09 17:50:12 -0400
Served asset /groups.css - 200 OK (2ms)


Started GET "/assets/relationships.css?body=1" for 127.0.0.1 at 2014-06-09 17:50:12 -0400
Served asset /relationships.css - 200 OK (1ms)


Started GET "/assets/scaffolds.css?body=1" for 127.0.0.1 at 2014-06-09 17:50:12 -0400
Served asset /scaffolds.css - 200 OK (2ms)


Started GET "/assets/user_rel_contribs.css?body=1" for 127.0.0.1 at 2014-06-09 17:50:12 -0400
Served asset /user_rel_contribs.css - 200 OK (2ms)


Started GET "/assets/users.css?body=1" for 127.0.0.1 at 2014-06-09 17:50:12 -0400
Served asset /users.css - 200 OK (2ms)


Started GET "/assets/jquery.js?body=1" for 127.0.0.1 at 2014-06-09 17:50:12 -0400
Served asset /jquery.js - 200 OK (4ms)


Started GET "/assets/jquery_ujs.js?body=1" for 127.0.0.1 at 2014-06-09 17:50:12 -0400
Served asset /jquery_ujs.js - 200 OK (2ms)


Started GET "/assets/people.js?body=1" for 127.0.0.1 at 2014-06-09 17:50:12 -0400
Served asset /people.js - 200 OK (1ms)


Started GET "/assets/groups.js?body=1" for 127.0.0.1 at 2014-06-09 17:50:12 -0400
Served asset /groups.js - 200 OK (1ms)


Started GET "/assets/relationships.js?body=1" for 127.0.0.1 at 2014-06-09 17:50:12 -0400
Served asset /relationships.js - 200 OK (1ms)


Started GET "/assets/user_rel_contribs.js?body=1" for 127.0.0.1 at 2014-06-09 17:50:12 -0400
Served asset /user_rel_contribs.js - 200 OK (1ms)


Started GET "/assets/users.js?body=1" for 127.0.0.1 at 2014-06-09 17:50:12 -0400
Served asset /users.js - 200 OK (1ms)


Started GET "/assets/application.js?body=1" for 127.0.0.1 at 2014-06-09 17:50:12 -0400
Served asset /application.js - 200 OK (10ms)


Started GET "/assets/rails.png" for 127.0.0.1 at 2014-06-09 18:05:15 -0400
Connecting to database specified by database.yml
Served asset /rails.png - 304 Not Modified (2ms)


Started GET "/assets/rails.png" for 127.0.0.1 at 2014-06-09 18:05:16 -0400
Served asset /rails.png - 304 Not Modified (0ms)


Started GET "/assets/rails.png" for 127.0.0.1 at 2014-06-09 18:09:05 -0400
Served asset /rails.png - 304 Not Modified (0ms)


Started GET "/groups" for 127.0.0.1 at 2014-06-09 18:09:10 -0400
Processing by GroupsController#index as HTML
  [1m[36mGroup Load (0.1ms)[0m  [1mSELECT "groups".* FROM "groups" [0m
  Rendered groups/index.html.erb within layouts/application (35.8ms)
Completed 200 OK in 135ms (Views: 114.3ms | ActiveRecord: 2.1ms)


Started GET "/assets/application.css?body=1" for 127.0.0.1 at 2014-06-09 18:09:10 -0400
Served asset /application.css - 304 Not Modified (10ms)


Started GET "/assets/groups.css?body=1" for 127.0.0.1 at 2014-06-09 18:09:10 -0400
Served asset /groups.css - 304 Not Modified (1ms)


Started GET "/assets/people.css?body=1" for 127.0.0.1 at 2014-06-09 18:09:10 -0400
Served asset /people.css - 304 Not Modified (2ms)


Started GET "/assets/scaffolds.css?body=1" for 127.0.0.1 at 2014-06-09 18:09:10 -0400
Served asset /scaffolds.css - 304 Not Modified (2ms)


Started GET "/assets/relationships.css?body=1" for 127.0.0.1 at 2014-06-09 18:09:10 -0400
Served asset /relationships.css - 304 Not Modified (1ms)


Started GET "/assets/user_rel_contribs.css?body=1" for 127.0.0.1 at 2014-06-09 18:09:10 -0400
Served asset /user_rel_contribs.css - 304 Not Modified (1ms)


Started GET "/assets/users.css?body=1" for 127.0.0.1 at 2014-06-09 18:09:10 -0400
Served asset /users.css - 304 Not Modified (1ms)


Started GET "/assets/jquery.js?body=1" for 127.0.0.1 at 2014-06-09 18:09:10 -0400
Served asset /jquery.js - 304 Not Modified (5ms)


Started GET "/assets/jquery_ujs.js?body=1" for 127.0.0.1 at 2014-06-09 18:09:10 -0400
Served asset /jquery_ujs.js - 304 Not Modified (2ms)


Started GET "/assets/groups.js?body=1" for 127.0.0.1 at 2014-06-09 18:09:10 -0400
Served asset /groups.js - 304 Not Modified (1ms)


Started GET "/assets/people.js?body=1" for 127.0.0.1 at 2014-06-09 18:09:11 -0400
Served asset /people.js - 304 Not Modified (2ms)


Started GET "/assets/relationships.js?body=1" for 127.0.0.1 at 2014-06-09 18:09:11 -0400
Served asset /relationships.js - 304 Not Modified (1ms)


Started GET "/assets/user_rel_contribs.js?body=1" for 127.0.0.1 at 2014-06-09 18:09:11 -0400
Served asset /user_rel_contribs.js - 304 Not Modified (1ms)


Started GET "/assets/users.js?body=1" for 127.0.0.1 at 2014-06-09 18:09:11 -0400
Served asset /users.js - 304 Not Modified (2ms)


Started GET "/assets/application.js?body=1" for 127.0.0.1 at 2014-06-09 18:09:11 -0400
Served asset /application.js - 304 Not Modified (11ms)


Started GET "/peopl" for 127.0.0.1 at 2014-06-09 18:09:21 -0400

ActionController::RoutingError (No route matches [GET] "/peopl"):
  actionpack (3.2.11) lib/action_dispatch/middleware/debug_exceptions.rb:21:in `call'
  actionpack (3.2.11) lib/action_dispatch/middleware/show_exceptions.rb:56:in `call'
  railties (3.2.11) lib/rails/rack/logger.rb:32:in `call_app'
  railties (3.2.11) lib/rails/rack/logger.rb:16:in `block in call'
  activesupport (3.2.11) lib/active_support/tagged_logging.rb:22:in `tagged'
  railties (3.2.11) lib/rails/rack/logger.rb:16:in `call'
  actionpack (3.2.11) lib/action_dispatch/middleware/request_id.rb:22:in `call'
  rack (1.4.5) lib/rack/methodoverride.rb:21:in `call'
  rack (1.4.5) lib/rack/runtime.rb:17:in `call'
  activesupport (3.2.11) lib/active_support/cache/strategy/local_cache.rb:72:in `call'
  rack (1.4.5) lib/rack/lock.rb:15:in `call'
  actionpack (3.2.11) lib/action_dispatch/middleware/static.rb:62:in `call'
  railties (3.2.11) lib/rails/engine.rb:479:in `call'
  railties (3.2.11) lib/rails/application.rb:223:in `call'
  rack (1.4.5) lib/rack/content_length.rb:14:in `call'
  railties (3.2.11) lib/rails/rack/log_tailer.rb:17:in `call'
  rack (1.4.5) lib/rack/handler/webrick.rb:59:in `service'
  /Users/KatarinaShaw/.rvm/rubies/ruby-1.9.3-p0/lib/ruby/1.9.1/webrick/httpserver.rb:138:in `service'
  /Users/KatarinaShaw/.rvm/rubies/ruby-1.9.3-p0/lib/ruby/1.9.1/webrick/httpserver.rb:94:in `run'
  /Users/KatarinaShaw/.rvm/rubies/ruby-1.9.3-p0/lib/ruby/1.9.1/webrick/server.rb:191:in `block in start_thread'


  Rendered /Users/KatarinaShaw/.rvm/gems/ruby-1.9.3-p0/gems/actionpack-3.2.11/lib/action_dispatch/middleware/templates/rescues/routing_error.erb within rescues/layout (0.8ms)


Started GET "/people" for 127.0.0.1 at 2014-06-09 18:09:29 -0400
Processing by PeopleController#index as HTML
  [1m[35mPerson Load (0.1ms)[0m  SELECT "people".* FROM "people" 
  Rendered people/index.html.erb within layouts/application (1.4ms)
Completed 200 OK in 13ms (Views: 11.0ms | ActiveRecord: 0.4ms)


Started GET "/assets/groups.css?body=1" for 127.0.0.1 at 2014-06-09 18:09:29 -0400
Served asset /groups.css - 304 Not Modified (0ms)


Started GET "/assets/people.css?body=1" for 127.0.0.1 at 2014-06-09 18:09:29 -0400
Served asset /people.css - 304 Not Modified (0ms)


Started GET "/assets/relationships.css?body=1" for 127.0.0.1 at 2014-06-09 18:09:29 -0400
Served asset /relationships.css - 304 Not Modified (0ms)


Started GET "/assets/scaffolds.css?body=1" for 127.0.0.1 at 2014-06-09 18:09:29 -0400
Served asset /scaffolds.css - 304 Not Modified (0ms)


Started GET "/assets/user_rel_contribs.css?body=1" for 127.0.0.1 at 2014-06-09 18:09:29 -0400
Served asset /user_rel_contribs.css - 304 Not Modified (0ms)


Started GET "/assets/application.css?body=1" for 127.0.0.1 at 2014-06-09 18:09:29 -0400
Served asset /application.css - 304 Not Modified (0ms)


Started GET "/assets/users.css?body=1" for 127.0.0.1 at 2014-06-09 18:09:29 -0400
Served asset /users.css - 304 Not Modified (0ms)


Started GET "/assets/jquery.js?body=1" for 127.0.0.1 at 2014-06-09 18:09:29 -0400
Served asset /jquery.js - 304 Not Modified (0ms)


Started GET "/assets/jquery_ujs.js?body=1" for 127.0.0.1 at 2014-06-09 18:09:29 -0400
Served asset /jquery_ujs.js - 304 Not Modified (0ms)


Started GET "/assets/groups.js?body=1" for 127.0.0.1 at 2014-06-09 18:09:29 -0400
Served asset /groups.js - 304 Not Modified (0ms)


Started GET "/assets/people.js?body=1" for 127.0.0.1 at 2014-06-09 18:09:29 -0400
Served asset /people.js - 304 Not Modified (0ms)


Started GET "/assets/relationships.js?body=1" for 127.0.0.1 at 2014-06-09 18:09:29 -0400
Served asset /relationships.js - 304 Not Modified (0ms)


Started GET "/assets/user_rel_contribs.js?body=1" for 127.0.0.1 at 2014-06-09 18:09:29 -0400
Served asset /user_rel_contribs.js - 304 Not Modified (0ms)


Started GET "/assets/users.js?body=1" for 127.0.0.1 at 2014-06-09 18:09:29 -0400
Served asset /users.js - 304 Not Modified (0ms)


Started GET "/assets/application.js?body=1" for 127.0.0.1 at 2014-06-09 18:09:29 -0400
Served asset /application.js - 304 Not Modified (0ms)


Started GET "/relationships" for 127.0.0.1 at 2014-06-09 18:09:38 -0400
Processing by RelationshipsController#index as HTML
  [1m[36mRelationship Load (0.1ms)[0m  [1mSELECT "relationships".* FROM "relationships" [0m
  Rendered relationships/index.html.erb within layouts/application (1.1ms)
Completed 200 OK in 13ms (Views: 10.5ms | ActiveRecord: 0.4ms)


Started GET "/assets/groups.css?body=1" for 127.0.0.1 at 2014-06-09 18:09:39 -0400
Served asset /groups.css - 304 Not Modified (0ms)


Started GET "/assets/application.css?body=1" for 127.0.0.1 at 2014-06-09 18:09:39 -0400
Served asset /application.css - 304 Not Modified (0ms)


Started GET "/assets/people.css?body=1" for 127.0.0.1 at 2014-06-09 18:09:39 -0400
Served asset /people.css - 304 Not Modified (0ms)


Started GET "/assets/relationships.css?body=1" for 127.0.0.1 at 2014-06-09 18:09:39 -0400
Served asset /relationships.css - 304 Not Modified (0ms)


Started GET "/assets/scaffolds.css?body=1" for 127.0.0.1 at 2014-06-09 18:09:39 -0400
Served asset /scaffolds.css - 304 Not Modified (0ms)


Started GET "/assets/user_rel_contribs.css?body=1" for 127.0.0.1 at 2014-06-09 18:09:39 -0400
Served asset /user_rel_contribs.css - 304 Not Modified (0ms)


Started GET "/assets/users.css?body=1" for 127.0.0.1 at 2014-06-09 18:09:39 -0400
Served asset /users.css - 304 Not Modified (0ms)


Started GET "/assets/jquery.js?body=1" for 127.0.0.1 at 2014-06-09 18:09:39 -0400
Served asset /jquery.js - 304 Not Modified (0ms)


Started GET "/assets/jquery_ujs.js?body=1" for 127.0.0.1 at 2014-06-09 18:09:39 -0400
Served asset /jquery_ujs.js - 304 Not Modified (0ms)


Started GET "/assets/people.js?body=1" for 127.0.0.1 at 2014-06-09 18:09:39 -0400
Served asset /people.js - 304 Not Modified (0ms)


Started GET "/assets/relationships.js?body=1" for 127.0.0.1 at 2014-06-09 18:09:39 -0400
Served asset /relationships.js - 304 Not Modified (0ms)


Started GET "/assets/user_rel_contribs.js?body=1" for 127.0.0.1 at 2014-06-09 18:09:39 -0400
Served asset /user_rel_contribs.js - 304 Not Modified (0ms)


Started GET "/assets/users.js?body=1" for 127.0.0.1 at 2014-06-09 18:09:39 -0400
Served asset /users.js - 304 Not Modified (0ms)


Started GET "/assets/groups.js?body=1" for 127.0.0.1 at 2014-06-09 18:09:39 -0400
Served asset /groups.js - 304 Not Modified (0ms)


Started GET "/assets/application.js?body=1" for 127.0.0.1 at 2014-06-09 18:09:39 -0400
Served asset /application.js - 304 Not Modified (0ms)


Started GET "/users" for 127.0.0.1 at 2014-06-09 18:09:46 -0400
Processing by UsersController#index as HTML
  [1m[35mUser Load (0.1ms)[0m  SELECT "users".* FROM "users" 
  Rendered users/index.html.erb within layouts/application (1.2ms)
Completed 200 OK in 13ms (Views: 10.2ms | ActiveRecord: 0.5ms)


Started GET "/assets/application.css?body=1" for 127.0.0.1 at 2014-06-09 18:09:46 -0400
Served asset /application.css - 304 Not Modified (0ms)


Started GET "/assets/groups.css?body=1" for 127.0.0.1 at 2014-06-09 18:09:46 -0400
Served asset /groups.css - 304 Not Modified (0ms)


Started GET "/assets/people.css?body=1" for 127.0.0.1 at 2014-06-09 18:09:46 -0400
Served asset /people.css - 304 Not Modified (0ms)


Started GET "/assets/relationships.css?body=1" for 127.0.0.1 at 2014-06-09 18:09:46 -0400
Served asset /relationships.css - 304 Not Modified (0ms)


Started GET "/assets/scaffolds.css?body=1" for 127.0.0.1 at 2014-06-09 18:09:46 -0400
Served asset /scaffolds.css - 304 Not Modified (0ms)


Started GET "/assets/user_rel_contribs.css?body=1" for 127.0.0.1 at 2014-06-09 18:09:46 -0400
Served asset /user_rel_contribs.css - 304 Not Modified (0ms)


Started GET "/assets/users.css?body=1" for 127.0.0.1 at 2014-06-09 18:09:46 -0400
Served asset /users.css - 304 Not Modified (0ms)


Started GET "/assets/jquery_ujs.js?body=1" for 127.0.0.1 at 2014-06-09 18:09:46 -0400
Served asset /jquery_ujs.js - 304 Not Modified (0ms)


Started GET "/assets/jquery.js?body=1" for 127.0.0.1 at 2014-06-09 18:09:46 -0400
Served asset /jquery.js - 304 Not Modified (0ms)


Started GET "/assets/groups.js?body=1" for 127.0.0.1 at 2014-06-09 18:09:46 -0400
Served asset /groups.js - 304 Not Modified (0ms)


Started GET "/assets/relationships.js?body=1" for 127.0.0.1 at 2014-06-09 18:09:46 -0400
Served asset /relationships.js - 304 Not Modified (0ms)


Started GET "/assets/people.js?body=1" for 127.0.0.1 at 2014-06-09 18:09:46 -0400
Served asset /people.js - 304 Not Modified (0ms)


Started GET "/assets/user_rel_contribs.js?body=1" for 127.0.0.1 at 2014-06-09 18:09:46 -0400
Served asset /user_rel_contribs.js - 304 Not Modified (0ms)


Started GET "/assets/users.js?body=1" for 127.0.0.1 at 2014-06-09 18:09:46 -0400
Served asset /users.js - 304 Not Modified (0ms)


Started GET "/assets/application.js?body=1" for 127.0.0.1 at 2014-06-09 18:09:46 -0400
Served asset /application.js - 304 Not Modified (0ms)


Started GET "/user_rel_contribs" for 127.0.0.1 at 2014-06-09 18:09:57 -0400
Processing by UserRelContribsController#index as HTML
  [1m[36mUserRelContrib Load (0.1ms)[0m  [1mSELECT "user_rel_contribs".* FROM "user_rel_contribs" [0m
  Rendered user_rel_contribs/index.html.erb within layouts/application (1.1ms)
Completed 200 OK in 14ms (Views: 11.8ms | ActiveRecord: 0.4ms)


Started GET "/assets/groups.css?body=1" for 127.0.0.1 at 2014-06-09 18:09:57 -0400
Served asset /groups.css - 304 Not Modified (0ms)


Started GET "/assets/application.css?body=1" for 127.0.0.1 at 2014-06-09 18:09:57 -0400
Served asset /application.css - 304 Not Modified (0ms)


Started GET "/assets/people.css?body=1" for 127.0.0.1 at 2014-06-09 18:09:57 -0400
Served asset /people.css - 304 Not Modified (0ms)


Started GET "/assets/relationships.css?body=1" for 127.0.0.1 at 2014-06-09 18:09:57 -0400
Served asset /relationships.css - 304 Not Modified (0ms)


Started GET "/assets/scaffolds.css?body=1" for 127.0.0.1 at 2014-06-09 18:09:57 -0400
Served asset /scaffolds.css - 304 Not Modified (0ms)


Started GET "/assets/user_rel_contribs.css?body=1" for 127.0.0.1 at 2014-06-09 18:09:57 -0400
Served asset /user_rel_contribs.css - 304 Not Modified (0ms)


Started GET "/assets/users.css?body=1" for 127.0.0.1 at 2014-06-09 18:09:57 -0400
Served asset /users.css - 304 Not Modified (0ms)


Started GET "/assets/jquery.js?body=1" for 127.0.0.1 at 2014-06-09 18:09:57 -0400
Served asset /jquery.js - 304 Not Modified (0ms)


Started GET "/assets/jquery_ujs.js?body=1" for 127.0.0.1 at 2014-06-09 18:09:57 -0400
Served asset /jquery_ujs.js - 304 Not Modified (0ms)


Started GET "/assets/people.js?body=1" for 127.0.0.1 at 2014-06-09 18:09:57 -0400
Served asset /people.js - 304 Not Modified (0ms)


Started GET "/assets/groups.js?body=1" for 127.0.0.1 at 2014-06-09 18:09:57 -0400
Served asset /groups.js - 304 Not Modified (0ms)


Started GET "/assets/user_rel_contribs.js?body=1" for 127.0.0.1 at 2014-06-09 18:09:57 -0400
Served asset /user_rel_contribs.js - 304 Not Modified (0ms)


Started GET "/assets/relationships.js?body=1" for 127.0.0.1 at 2014-06-09 18:09:57 -0400
Served asset /relationships.js - 304 Not Modified (0ms)


Started GET "/assets/users.js?body=1" for 127.0.0.1 at 2014-06-09 18:09:57 -0400
Served asset /users.js - 304 Not Modified (0ms)


Started GET "/assets/application.js?body=1" for 127.0.0.1 at 2014-06-09 18:09:57 -0400
Served asset /application.js - 304 Not Modified (0ms)
Connecting to database specified by database.yml
  [1m[36m (0.1ms)[0m  [1mSELECT "schema_migrations"."version" FROM "schema_migrations" [0m
Migrating to CreateUserRelContribs (20140609004913)
Migrating to CreateUsers (20140609005018)
Migrating to CreateRelationships (20140609005101)
Migrating to CreatePeople (20140609005159)
Migrating to CreateGroups (20140609005242)
  [1m[35m (0.1ms)[0m  select sqlite_version(*)
  [1m[36m (0.1ms)[0m  [1mSELECT "schema_migrations"."version" FROM "schema_migrations" [0m


Started GET "/people" for 127.0.0.1 at 2014-06-09 19:00:55 -0400
Connecting to database specified by database.yml
Processing by PeopleController#index as HTML
  [1m[36mPerson Load (0.1ms)[0m  [1mSELECT "people".* FROM "people" [0m
  Rendered people/index.html.erb within layouts/application (4.1ms)
Completed 200 OK in 374ms (Views: 278.8ms | ActiveRecord: 2.2ms)


Started GET "/assets/application.css?body=1" for 127.0.0.1 at 2014-06-09 19:00:56 -0400
Served asset /application.css - 304 Not Modified (7ms)


Started GET "/assets/groups.css?body=1" for 127.0.0.1 at 2014-06-09 19:00:56 -0400
Served asset /groups.css - 304 Not Modified (1ms)


Started GET "/assets/people.css?body=1" for 127.0.0.1 at 2014-06-09 19:00:56 -0400
Served asset /people.css - 304 Not Modified (2ms)


Started GET "/assets/relationships.css?body=1" for 127.0.0.1 at 2014-06-09 19:00:56 -0400
Served asset /relationships.css - 304 Not Modified (2ms)


Started GET "/assets/users.css?body=1" for 127.0.0.1 at 2014-06-09 19:00:56 -0400
Served asset /users.css - 304 Not Modified (2ms)


Started GET "/assets/scaffolds.css?body=1" for 127.0.0.1 at 2014-06-09 19:00:56 -0400
Served asset /scaffolds.css - 304 Not Modified (1ms)


Started GET "/assets/user_rel_contribs.css?body=1" for 127.0.0.1 at 2014-06-09 19:00:56 -0400
Served asset /user_rel_contribs.css - 304 Not Modified (2ms)


Started GET "/assets/jquery.js?body=1" for 127.0.0.1 at 2014-06-09 19:00:56 -0400
Served asset /jquery.js - 304 Not Modified (4ms)


Started GET "/assets/relationships.js?body=1" for 127.0.0.1 at 2014-06-09 19:00:56 -0400
Served asset /relationships.js - 304 Not Modified (1ms)


Started GET "/assets/jquery_ujs.js?body=1" for 127.0.0.1 at 2014-06-09 19:00:56 -0400
Served asset /jquery_ujs.js - 304 Not Modified (2ms)


Started GET "/assets/groups.js?body=1" for 127.0.0.1 at 2014-06-09 19:00:56 -0400
Served asset /groups.js - 304 Not Modified (1ms)


Started GET "/assets/people.js?body=1" for 127.0.0.1 at 2014-06-09 19:00:56 -0400
Served asset /people.js - 304 Not Modified (3ms)


Started GET "/assets/user_rel_contribs.js?body=1" for 127.0.0.1 at 2014-06-09 19:00:56 -0400
Served asset /user_rel_contribs.js - 304 Not Modified (2ms)


Started GET "/assets/users.js?body=1" for 127.0.0.1 at 2014-06-09 19:00:56 -0400
Served asset /users.js - 304 Not Modified (1ms)


Started GET "/assets/application.js?body=1" for 127.0.0.1 at 2014-06-09 19:00:56 -0400
Served asset /application.js - 304 Not Modified (12ms)


Started GET "/people/new" for 127.0.0.1 at 2014-06-09 19:01:01 -0400
Processing by PeopleController#new as HTML
  Rendered people/_form.html.erb (73.1ms)
  Rendered people/new.html.erb within layouts/application (90.3ms)
Completed 200 OK in 226ms (Views: 213.8ms | ActiveRecord: 0.0ms)


Started GET "/assets/groups.css?body=1" for 127.0.0.1 at 2014-06-09 19:01:02 -0400
Served asset /groups.css - 304 Not Modified (0ms)


Started GET "/assets/relationships.css?body=1" for 127.0.0.1 at 2014-06-09 19:01:02 -0400
Served asset /relationships.css - 304 Not Modified (0ms)


Started GET "/assets/people.css?body=1" for 127.0.0.1 at 2014-06-09 19:01:02 -0400
Served asset /people.css - 304 Not Modified (0ms)


Started GET "/assets/scaffolds.css?body=1" for 127.0.0.1 at 2014-06-09 19:01:02 -0400
Served asset /scaffolds.css - 304 Not Modified (0ms)


Started GET "/assets/user_rel_contribs.css?body=1" for 127.0.0.1 at 2014-06-09 19:01:02 -0400
Served asset /user_rel_contribs.css - 304 Not Modified (0ms)


Started GET "/assets/users.css?body=1" for 127.0.0.1 at 2014-06-09 19:01:02 -0400
Served asset /users.css - 304 Not Modified (0ms)


Started GET "/assets/jquery.js?body=1" for 127.0.0.1 at 2014-06-09 19:01:02 -0400
Served asset /jquery.js - 304 Not Modified (0ms)


Started GET "/assets/jquery_ujs.js?body=1" for 127.0.0.1 at 2014-06-09 19:01:02 -0400
Served asset /jquery_ujs.js - 304 Not Modified (0ms)


Started GET "/assets/groups.js?body=1" for 127.0.0.1 at 2014-06-09 19:01:02 -0400
Served asset /groups.js - 304 Not Modified (0ms)


Started GET "/assets/people.js?body=1" for 127.0.0.1 at 2014-06-09 19:01:02 -0400
Served asset /people.js - 304 Not Modified (0ms)


Started GET "/assets/relationships.js?body=1" for 127.0.0.1 at 2014-06-09 19:01:02 -0400
Served asset /relationships.js - 304 Not Modified (0ms)


Started GET "/assets/user_rel_contribs.js?body=1" for 127.0.0.1 at 2014-06-09 19:01:02 -0400
Served asset /user_rel_contribs.js - 304 Not Modified (0ms)


Started GET "/assets/users.js?body=1" for 127.0.0.1 at 2014-06-09 19:01:02 -0400
Served asset /users.js - 304 Not Modified (0ms)


Started GET "/assets/application.js?body=1" for 127.0.0.1 at 2014-06-09 19:01:02 -0400
Served asset /application.js - 304 Not Modified (0ms)


Started GET "/assets/application.css?body=1" for 127.0.0.1 at 2014-06-09 19:01:02 -0400
Served asset /application.css - 304 Not Modified (0ms)


Started GET "/people" for 127.0.0.1 at 2014-06-09 19:01:33 -0400
Processing by PeopleController#index as HTML
  [1m[35mPerson Load (0.1ms)[0m  SELECT "people".* FROM "people" 
  Rendered people/index.html.erb within layouts/application (0.4ms)
Completed 200 OK in 14ms (Views: 10.7ms | ActiveRecord: 0.7ms)


Started GET "/assets/application.css?body=1" for 127.0.0.1 at 2014-06-09 19:01:33 -0400
Served asset /application.css - 304 Not Modified (0ms)


Started GET "/assets/groups.css?body=1" for 127.0.0.1 at 2014-06-09 19:01:33 -0400
Served asset /groups.css - 304 Not Modified (0ms)


Started GET "/assets/people.css?body=1" for 127.0.0.1 at 2014-06-09 19:01:33 -0400
Served asset /people.css - 304 Not Modified (0ms)


Started GET "/assets/relationships.css?body=1" for 127.0.0.1 at 2014-06-09 19:01:33 -0400
Served asset /relationships.css - 304 Not Modified (0ms)


Started GET "/assets/scaffolds.css?body=1" for 127.0.0.1 at 2014-06-09 19:01:33 -0400
Served asset /scaffolds.css - 304 Not Modified (0ms)


Started GET "/assets/user_rel_contribs.css?body=1" for 127.0.0.1 at 2014-06-09 19:01:33 -0400
Served asset /user_rel_contribs.css - 304 Not Modified (0ms)


Started GET "/assets/users.css?body=1" for 127.0.0.1 at 2014-06-09 19:01:33 -0400
Served asset /users.css - 304 Not Modified (0ms)


Started GET "/assets/jquery.js?body=1" for 127.0.0.1 at 2014-06-09 19:01:33 -0400
Served asset /jquery.js - 304 Not Modified (0ms)


Started GET "/assets/jquery_ujs.js?body=1" for 127.0.0.1 at 2014-06-09 19:01:33 -0400
Served asset /jquery_ujs.js - 304 Not Modified (0ms)


Started GET "/assets/groups.js?body=1" for 127.0.0.1 at 2014-06-09 19:01:33 -0400
Served asset /groups.js - 304 Not Modified (0ms)


Started GET "/assets/people.js?body=1" for 127.0.0.1 at 2014-06-09 19:01:33 -0400
Served asset /people.js - 304 Not Modified (0ms)


Started GET "/assets/relationships.js?body=1" for 127.0.0.1 at 2014-06-09 19:01:33 -0400
Served asset /relationships.js - 304 Not Modified (0ms)


Started GET "/assets/user_rel_contribs.js?body=1" for 127.0.0.1 at 2014-06-09 19:01:33 -0400
Served asset /user_rel_contribs.js - 304 Not Modified (0ms)


Started GET "/assets/users.js?body=1" for 127.0.0.1 at 2014-06-09 19:01:33 -0400
Served asset /users.js - 304 Not Modified (0ms)


Started GET "/assets/application.js?body=1" for 127.0.0.1 at 2014-06-09 19:01:33 -0400
Served asset /application.js - 304 Not Modified (0ms)


Started GET "/people" for 127.0.0.1 at 2014-06-09 19:02:24 -0400
Processing by PeopleController#index as HTML
  [1m[36mPerson Load (0.2ms)[0m  [1mSELECT "people".* FROM "people" [0m
  Rendered people/index.html.erb within layouts/application (1.1ms)
Completed 200 OK in 13ms (Views: 12.3ms | ActiveRecord: 0.2ms)


Started GET "/assets/application.css?body=1" for 127.0.0.1 at 2014-06-09 19:02:24 -0400
Served asset /application.css - 304 Not Modified (0ms)


Started GET "/assets/groups.css?body=1" for 127.0.0.1 at 2014-06-09 19:02:24 -0400
Served asset /groups.css - 304 Not Modified (0ms)


Started GET "/assets/people.css?body=1" for 127.0.0.1 at 2014-06-09 19:02:24 -0400
Served asset /people.css - 304 Not Modified (0ms)


Started GET "/assets/relationships.css?body=1" for 127.0.0.1 at 2014-06-09 19:02:24 -0400
Served asset /relationships.css - 304 Not Modified (0ms)


Started GET "/assets/scaffolds.css?body=1" for 127.0.0.1 at 2014-06-09 19:02:24 -0400
Served asset /scaffolds.css - 304 Not Modified (0ms)


Started GET "/assets/user_rel_contribs.css?body=1" for 127.0.0.1 at 2014-06-09 19:02:24 -0400
Served asset /user_rel_contribs.css - 304 Not Modified (0ms)


Started GET "/assets/users.css?body=1" for 127.0.0.1 at 2014-06-09 19:02:24 -0400
Served asset /users.css - 304 Not Modified (0ms)


Started GET "/assets/jquery.js?body=1" for 127.0.0.1 at 2014-06-09 19:02:24 -0400
Served asset /jquery.js - 304 Not Modified (0ms)


Started GET "/assets/groups.js?body=1" for 127.0.0.1 at 2014-06-09 19:02:24 -0400
Served asset /groups.js - 304 Not Modified (0ms)


Started GET "/assets/jquery_ujs.js?body=1" for 127.0.0.1 at 2014-06-09 19:02:24 -0400
Served asset /jquery_ujs.js - 304 Not Modified (0ms)


Started GET "/assets/people.js?body=1" for 127.0.0.1 at 2014-06-09 19:02:24 -0400
Served asset /people.js - 304 Not Modified (0ms)


Started GET "/assets/relationships.js?body=1" for 127.0.0.1 at 2014-06-09 19:02:24 -0400
Served asset /relationships.js - 304 Not Modified (0ms)


Started GET "/assets/user_rel_contribs.js?body=1" for 127.0.0.1 at 2014-06-09 19:02:24 -0400
Served asset /user_rel_contribs.js - 304 Not Modified (0ms)


Started GET "/assets/users.js?body=1" for 127.0.0.1 at 2014-06-09 19:02:24 -0400
Served asset /users.js - 304 Not Modified (0ms)


Started GET "/assets/application.js?body=1" for 127.0.0.1 at 2014-06-09 19:02:24 -0400
Served asset /application.js - 304 Not Modified (0ms)


Started GET "/people/new" for 127.0.0.1 at 2014-06-09 19:02:32 -0400
Processing by PeopleController#new as HTML
  Rendered people/_form.html.erb (4.8ms)
  Rendered people/new.html.erb within layouts/application (5.9ms)
Completed 200 OK in 75ms (Views: 64.2ms | ActiveRecord: 0.0ms)


Started GET "/assets/application.css?body=1" for 127.0.0.1 at 2014-06-09 19:02:32 -0400
Served asset /application.css - 304 Not Modified (0ms)


Started GET "/assets/groups.css?body=1" for 127.0.0.1 at 2014-06-09 19:02:32 -0400
Served asset /groups.css - 304 Not Modified (0ms)


Started GET "/assets/people.css?body=1" for 127.0.0.1 at 2014-06-09 19:02:32 -0400
Served asset /people.css - 304 Not Modified (0ms)


Started GET "/assets/relationships.css?body=1" for 127.0.0.1 at 2014-06-09 19:02:32 -0400
Served asset /relationships.css - 304 Not Modified (0ms)


Started GET "/assets/scaffolds.css?body=1" for 127.0.0.1 at 2014-06-09 19:02:32 -0400
Served asset /scaffolds.css - 304 Not Modified (0ms)


Started GET "/assets/user_rel_contribs.css?body=1" for 127.0.0.1 at 2014-06-09 19:02:32 -0400
Served asset /user_rel_contribs.css - 304 Not Modified (0ms)


Started GET "/assets/users.css?body=1" for 127.0.0.1 at 2014-06-09 19:02:32 -0400
Served asset /users.css - 304 Not Modified (0ms)


Started GET "/assets/jquery.js?body=1" for 127.0.0.1 at 2014-06-09 19:02:32 -0400
Served asset /jquery.js - 304 Not Modified (0ms)


Started GET "/assets/jquery_ujs.js?body=1" for 127.0.0.1 at 2014-06-09 19:02:32 -0400
Served asset /jquery_ujs.js - 304 Not Modified (0ms)


Started GET "/assets/groups.js?body=1" for 127.0.0.1 at 2014-06-09 19:02:32 -0400
Served asset /groups.js - 304 Not Modified (0ms)


Started GET "/assets/people.js?body=1" for 127.0.0.1 at 2014-06-09 19:02:32 -0400
Served asset /people.js - 304 Not Modified (0ms)


Started GET "/assets/relationships.js?body=1" for 127.0.0.1 at 2014-06-09 19:02:32 -0400
Served asset /relationships.js - 304 Not Modified (0ms)


Started GET "/assets/user_rel_contribs.js?body=1" for 127.0.0.1 at 2014-06-09 19:02:32 -0400
Served asset /user_rel_contribs.js - 304 Not Modified (0ms)


Started GET "/assets/users.js?body=1" for 127.0.0.1 at 2014-06-09 19:02:32 -0400
Served asset /users.js - 304 Not Modified (0ms)


Started GET "/assets/application.js?body=1" for 127.0.0.1 at 2014-06-09 19:02:32 -0400
Served asset /application.js - 304 Not Modified (0ms)


Started POST "/people" for 127.0.0.1 at 2014-06-09 19:02:59 -0400
Processing by PeopleController#create as HTML
  Parameters: {"utf8"=>"✓", "authenticity_token"=>"BT9ig8vwfl6BNefrWcWpibReHwg85vlHnArXnC8ywiQ=", "person"=>{"name"=>"Francis Bacon", "created_by"=>"", "birth_year"=>"1992", "death_year"=>"", "historical_significance"=>"testing"}, "commit"=>"Create Person"}
  [1m[35m (0.1ms)[0m  begin transaction
  [1m[36mSQL (114.6ms)[0m  [1mINSERT INTO "people" ("birth_year", "created_at", "created_by", "death_year", "historical_significance", "name", "updated_at") VALUES (?, ?, ?, ?, ?, ?, ?)[0m  [["birth_year", 1992], ["created_at", Mon, 09 Jun 2014 23:02:59 UTC +00:00], ["created_by", nil], ["death_year", nil], ["historical_significance", "testing"], ["name", "Francis Bacon"], ["updated_at", Mon, 09 Jun 2014 23:02:59 UTC +00:00]]
  [1m[35m (2.1ms)[0m  commit transaction
Redirected to http://localhost:3000/people/1
Completed 302 Found in 122ms (ActiveRecord: 116.8ms)


Started GET "/people/1" for 127.0.0.1 at 2014-06-09 19:02:59 -0400
Processing by PeopleController#show as HTML
  Parameters: {"id"=>"1"}
  [1m[36mPerson Load (0.3ms)[0m  [1mSELECT "people".* FROM "people" WHERE "people"."id" = ? LIMIT 1[0m  [["id", "1"]]
  Rendered people/show.html.erb within layouts/application (1.5ms)
Completed 200 OK in 30ms (Views: 27.1ms | ActiveRecord: 0.3ms)


Started GET "/assets/groups.css?body=1" for 127.0.0.1 at 2014-06-09 19:02:59 -0400
Served asset /groups.css - 304 Not Modified (0ms)


Started GET "/assets/application.css?body=1" for 127.0.0.1 at 2014-06-09 19:02:59 -0400
Served asset /application.css - 304 Not Modified (0ms)


Started GET "/assets/people.css?body=1" for 127.0.0.1 at 2014-06-09 19:02:59 -0400
Served asset /people.css - 304 Not Modified (0ms)


Started GET "/assets/scaffolds.css?body=1" for 127.0.0.1 at 2014-06-09 19:02:59 -0400
Served asset /scaffolds.css - 304 Not Modified (0ms)


Started GET "/assets/relationships.css?body=1" for 127.0.0.1 at 2014-06-09 19:02:59 -0400
Served asset /relationships.css - 304 Not Modified (0ms)


Started GET "/assets/user_rel_contribs.css?body=1" for 127.0.0.1 at 2014-06-09 19:02:59 -0400
Served asset /user_rel_contribs.css - 304 Not Modified (0ms)


Started GET "/assets/users.css?body=1" for 127.0.0.1 at 2014-06-09 19:02:59 -0400
Served asset /users.css - 304 Not Modified (0ms)


Started GET "/assets/jquery.js?body=1" for 127.0.0.1 at 2014-06-09 19:02:59 -0400
Served asset /jquery.js - 304 Not Modified (0ms)


Started GET "/assets/jquery_ujs.js?body=1" for 127.0.0.1 at 2014-06-09 19:02:59 -0400
Served asset /jquery_ujs.js - 304 Not Modified (0ms)


Started GET "/assets/user_rel_contribs.js?body=1" for 127.0.0.1 at 2014-06-09 19:02:59 -0400
Served asset /user_rel_contribs.js - 304 Not Modified (0ms)


Started GET "/assets/people.js?body=1" for 127.0.0.1 at 2014-06-09 19:02:59 -0400
Served asset /people.js - 304 Not Modified (0ms)


Started GET "/assets/relationships.js?body=1" for 127.0.0.1 at 2014-06-09 19:02:59 -0400
Served asset /relationships.js - 304 Not Modified (0ms)


Started GET "/assets/users.js?body=1" for 127.0.0.1 at 2014-06-09 19:02:59 -0400
Served asset /users.js - 304 Not Modified (0ms)


Started GET "/assets/groups.js?body=1" for 127.0.0.1 at 2014-06-09 19:02:59 -0400
Served asset /groups.js - 304 Not Modified (0ms)


Started GET "/assets/application.js?body=1" for 127.0.0.1 at 2014-06-09 19:02:59 -0400
Served asset /application.js - 304 Not Modified (0ms)


Started GET "/people" for 127.0.0.1 at 2014-06-09 19:03:01 -0400
Processing by PeopleController#index as HTML
  [1m[35mPerson Load (0.2ms)[0m  SELECT "people".* FROM "people" 
  Rendered people/index.html.erb within layouts/application (51.8ms)
Completed 500 Internal Server Error in 55ms

ActionView::Template::Error (undefined method `original_id' for #<Person:0x000001030ed810>):
    15: 
    16: <% @people.each do |person| %>
    17:   <tr>
    18:     <td><%= person.original_id %></td>
    19:     <td><%= person.name %></td>
    20:     <td><%= person.created_by %></td>
    21:     <td><%= person.birth_year %></td>
  app/views/people/index.html.erb:18:in `block in _app_views_people_index_html_erb__885620863168794177_2173931120'
  app/views/people/index.html.erb:16:in `each'
  app/views/people/index.html.erb:16:in `_app_views_people_index_html_erb__885620863168794177_2173931120'
  app/controllers/people_controller.rb:7:in `index'


  Rendered /Users/KatarinaShaw/.rvm/gems/ruby-1.9.3-p0/gems/actionpack-3.2.11/lib/action_dispatch/middleware/templates/rescues/_trace.erb (1.5ms)
  Rendered /Users/KatarinaShaw/.rvm/gems/ruby-1.9.3-p0/gems/actionpack-3.2.11/lib/action_dispatch/middleware/templates/rescues/_request_and_response.erb (1.1ms)
  Rendered /Users/KatarinaShaw/.rvm/gems/ruby-1.9.3-p0/gems/actionpack-3.2.11/lib/action_dispatch/middleware/templates/rescues/template_error.erb within rescues/layout (28.4ms)
Connecting to database specified by database.yml
  [1m[36m (1.9ms)[0m  [1mselect sqlite_version(*)[0m
  [1m[35m (2.4ms)[0m  CREATE TABLE "groups" ("id" INTEGER PRIMARY KEY AUTOINCREMENT NOT NULL, "name" varchar(255), "description" text, "created_by" integer, "created_at" datetime NOT NULL, "updated_at" datetime NOT NULL) 
  [1m[36m (1.9ms)[0m  [1mCREATE TABLE "people" ("id" INTEGER PRIMARY KEY AUTOINCREMENT NOT NULL, "name" varchar(255), "created_by" integer, "birth_year" integer, "death_year" integer, "historical_significance" text, "created_at" datetime NOT NULL, "updated_at" datetime NOT NULL) [0m
  [1m[35m (2.1ms)[0m  CREATE TABLE "relationships" ("id" INTEGER PRIMARY KEY AUTOINCREMENT NOT NULL, "person1_index" integer, "person2_index" integer, "original_certainty" decimal, "created_at" datetime NOT NULL, "updated_at" datetime NOT NULL) 
  [1m[36m (1.6ms)[0m  [1mCREATE TABLE "user_rel_contribs" ("id" INTEGER PRIMARY KEY AUTOINCREMENT NOT NULL, "relationship_id" integer, "created_by" integer, "confidence_type" varchar(255), "annotation" text, "bibliography" text, "relationship_type" varchar(255), "created_at" datetime NOT NULL, "updated_at" datetime NOT NULL) [0m
  [1m[35m (1.5ms)[0m  CREATE TABLE "users" ("id" INTEGER PRIMARY KEY AUTOINCREMENT NOT NULL, "first_name" varchar(255), "last_name" varchar(255), "email" varchar(255), "password_hash" varchar(255), "password_salt" varchar(255), "user_type" varchar(255), "affiliation" varchar(255), "is_admin" boolean, "about_description" text, "is_active" boolean, "created_at" datetime NOT NULL, "updated_at" datetime NOT NULL) 
  [1m[36m (2.0ms)[0m  [1mCREATE TABLE "schema_migrations" ("version" varchar(255) NOT NULL) [0m
  [1m[35m (1.7ms)[0m  CREATE UNIQUE INDEX "unique_schema_migrations" ON "schema_migrations" ("version")
  [1m[36m (0.1ms)[0m  [1mSELECT version FROM "schema_migrations"[0m
  [1m[35m (1.9ms)[0m  INSERT INTO "schema_migrations" (version) VALUES ('20140609005242')
  [1m[36m (1.8ms)[0m  [1mINSERT INTO "schema_migrations" (version) VALUES ('20140609004913')[0m
  [1m[35m (1.8ms)[0m  INSERT INTO "schema_migrations" (version) VALUES ('20140609005018')
  [1m[36m (2.1ms)[0m  [1mINSERT INTO "schema_migrations" (version) VALUES ('20140609005101')[0m
  [1m[35m (1.9ms)[0m  INSERT INTO "schema_migrations" (version) VALUES ('20140609005159')
  [1m[36m (0.1ms)[0m  [1mSELECT "schema_migrations"."version" FROM "schema_migrations" [0m
Connecting to database specified by database.yml
  [1m[36m (0.1ms)[0m  [1mSELECT "schema_migrations"."version" FROM "schema_migrations" [0m
Migrating to CreateUserRelContribs (20140609004913)
Migrating to CreateUsers (20140609005018)
Migrating to CreateRelationships (20140609005101)
Migrating to CreatePeople (20140609005159)
Migrating to CreateGroups (20140609005242)
  [1m[35m (0.1ms)[0m  select sqlite_version(*)
  [1m[36m (0.1ms)[0m  [1mSELECT "schema_migrations"."version" FROM "schema_migrations" [0m


Started GET "/people" for 127.0.0.1 at 2014-06-09 19:07:39 -0400
Connecting to database specified by database.yml
Processing by PeopleController#index as HTML
  [1m[36mPerson Load (0.1ms)[0m  [1mSELECT "people".* FROM "people" [0m
  Rendered people/index.html.erb within layouts/application (3.8ms)
Completed 200 OK in 119ms (Views: 93.4ms | ActiveRecord: 2.8ms)


Started GET "/assets/groups.css?body=1" for 127.0.0.1 at 2014-06-09 19:07:40 -0400
Served asset /groups.css - 304 Not Modified (2ms)


Started GET "/assets/people.css?body=1" for 127.0.0.1 at 2014-06-09 19:07:40 -0400
Served asset /people.css - 304 Not Modified (1ms)


Started GET "/assets/relationships.css?body=1" for 127.0.0.1 at 2014-06-09 19:07:40 -0400
Served asset /relationships.css - 304 Not Modified (1ms)


Started GET "/assets/user_rel_contribs.css?body=1" for 127.0.0.1 at 2014-06-09 19:07:40 -0400
Served asset /user_rel_contribs.css - 304 Not Modified (7ms)


Started GET "/assets/scaffolds.css?body=1" for 127.0.0.1 at 2014-06-09 19:07:40 -0400
Served asset /scaffolds.css - 304 Not Modified (1ms)


Started GET "/assets/users.css?body=1" for 127.0.0.1 at 2014-06-09 19:07:40 -0400
Served asset /users.css - 304 Not Modified (2ms)


Started GET "/assets/jquery_ujs.js?body=1" for 127.0.0.1 at 2014-06-09 19:07:40 -0400
Served asset /jquery_ujs.js - 304 Not Modified (2ms)


Started GET "/assets/jquery.js?body=1" for 127.0.0.1 at 2014-06-09 19:07:40 -0400
Served asset /jquery.js - 304 Not Modified (6ms)


Started GET "/assets/user_rel_contribs.js?body=1" for 127.0.0.1 at 2014-06-09 19:07:40 -0400
Served asset /user_rel_contribs.js - 304 Not Modified (2ms)


Started GET "/assets/groups.js?body=1" for 127.0.0.1 at 2014-06-09 19:07:40 -0400
Served asset /groups.js - 304 Not Modified (1ms)


Started GET "/assets/relationships.js?body=1" for 127.0.0.1 at 2014-06-09 19:07:40 -0400
Served asset /relationships.js - 304 Not Modified (1ms)


Started GET "/assets/people.js?body=1" for 127.0.0.1 at 2014-06-09 19:07:40 -0400
Served asset /people.js - 304 Not Modified (1ms)


Started GET "/assets/users.js?body=1" for 127.0.0.1 at 2014-06-09 19:07:40 -0400
Served asset /users.js - 304 Not Modified (1ms)


Started GET "/assets/application.js?body=1" for 127.0.0.1 at 2014-06-09 19:07:40 -0400
Served asset /application.js - 304 Not Modified (11ms)


Started GET "/assets/application.css?body=1" for 127.0.0.1 at 2014-06-09 19:07:40 -0400
Served asset /application.css - 304 Not Modified (6ms)


Started GET "/people/new" for 127.0.0.1 at 2014-06-09 19:07:43 -0400
Processing by PeopleController#new as HTML
  Rendered people/_form.html.erb (56.0ms)
  Rendered people/new.html.erb within layouts/application (60.7ms)
Completed 200 OK in 79ms (Views: 69.1ms | ActiveRecord: 0.0ms)


Started GET "/assets/application.css?body=1" for 127.0.0.1 at 2014-06-09 19:07:43 -0400
Served asset /application.css - 304 Not Modified (0ms)


Started GET "/assets/groups.css?body=1" for 127.0.0.1 at 2014-06-09 19:07:43 -0400
Served asset /groups.css - 304 Not Modified (0ms)


Started GET "/assets/people.css?body=1" for 127.0.0.1 at 2014-06-09 19:07:43 -0400
Served asset /people.css - 304 Not Modified (0ms)


Started GET "/assets/relationships.css?body=1" for 127.0.0.1 at 2014-06-09 19:07:43 -0400
Served asset /relationships.css - 304 Not Modified (0ms)


Started GET "/assets/scaffolds.css?body=1" for 127.0.0.1 at 2014-06-09 19:07:43 -0400
Served asset /scaffolds.css - 304 Not Modified (0ms)


Started GET "/assets/user_rel_contribs.css?body=1" for 127.0.0.1 at 2014-06-09 19:07:43 -0400
Served asset /user_rel_contribs.css - 304 Not Modified (0ms)


Started GET "/assets/users.css?body=1" for 127.0.0.1 at 2014-06-09 19:07:43 -0400
Served asset /users.css - 304 Not Modified (0ms)


Started GET "/assets/jquery.js?body=1" for 127.0.0.1 at 2014-06-09 19:07:43 -0400
Served asset /jquery.js - 304 Not Modified (0ms)


Started GET "/assets/jquery_ujs.js?body=1" for 127.0.0.1 at 2014-06-09 19:07:43 -0400
Served asset /jquery_ujs.js - 304 Not Modified (0ms)


Started GET "/assets/groups.js?body=1" for 127.0.0.1 at 2014-06-09 19:07:43 -0400
Served asset /groups.js - 304 Not Modified (0ms)


Started GET "/assets/people.js?body=1" for 127.0.0.1 at 2014-06-09 19:07:43 -0400
Served asset /people.js - 304 Not Modified (0ms)


Started GET "/assets/user_rel_contribs.js?body=1" for 127.0.0.1 at 2014-06-09 19:07:43 -0400
Served asset /user_rel_contribs.js - 304 Not Modified (0ms)


Started GET "/assets/relationships.js?body=1" for 127.0.0.1 at 2014-06-09 19:07:43 -0400
Served asset /relationships.js - 304 Not Modified (0ms)


Started GET "/assets/users.js?body=1" for 127.0.0.1 at 2014-06-09 19:07:43 -0400
Served asset /users.js - 304 Not Modified (0ms)


Started GET "/assets/application.js?body=1" for 127.0.0.1 at 2014-06-09 19:07:43 -0400
Served asset /application.js - 304 Not Modified (0ms)


Started POST "/people" for 127.0.0.1 at 2014-06-09 19:08:08 -0400
Processing by PeopleController#create as HTML
  Parameters: {"utf8"=>"✓", "authenticity_token"=>"BT9ig8vwfl6BNefrWcWpibReHwg85vlHnArXnC8ywiQ=", "person"=>{"name"=>"Francis Bacon", "created_by"=>"Katarina Shaw", "birth_year"=>"1992", "death_year"=>"", "historical_significance"=>"tester"}, "commit"=>"Create Person"}
  [1m[35m (0.1ms)[0m  begin transaction
  [1m[36mSQL (5.9ms)[0m  [1mINSERT INTO "people" ("birth_year", "created_at", "created_by", "death_year", "historical_significance", "name", "updated_at") VALUES (?, ?, ?, ?, ?, ?, ?)[0m  [["birth_year", 1992], ["created_at", Mon, 09 Jun 2014 23:08:08 UTC +00:00], ["created_by", 0], ["death_year", nil], ["historical_significance", "tester"], ["name", "Francis Bacon"], ["updated_at", Mon, 09 Jun 2014 23:08:08 UTC +00:00]]
  [1m[35m (1.4ms)[0m  commit transaction
Redirected to http://localhost:3000/people/1
Completed 302 Found in 14ms (ActiveRecord: 7.4ms)


Started GET "/people/1" for 127.0.0.1 at 2014-06-09 19:08:08 -0400
Processing by PeopleController#show as HTML
  Parameters: {"id"=>"1"}
  [1m[36mPerson Load (0.3ms)[0m  [1mSELECT "people".* FROM "people" WHERE "people"."id" = ? LIMIT 1[0m  [["id", "1"]]
  Rendered people/show.html.erb within layouts/application (1.4ms)
Completed 200 OK in 13ms (Views: 9.9ms | ActiveRecord: 0.3ms)


Started GET "/assets/application.css?body=1" for 127.0.0.1 at 2014-06-09 19:08:09 -0400
Served asset /application.css - 304 Not Modified (0ms)


Started GET "/assets/people.css?body=1" for 127.0.0.1 at 2014-06-09 19:08:09 -0400
Served asset /people.css - 304 Not Modified (0ms)


Started GET "/assets/scaffolds.css?body=1" for 127.0.0.1 at 2014-06-09 19:08:09 -0400
Served asset /scaffolds.css - 304 Not Modified (0ms)


Started GET "/assets/groups.css?body=1" for 127.0.0.1 at 2014-06-09 19:08:09 -0400
Served asset /groups.css - 304 Not Modified (0ms)


Started GET "/assets/relationships.css?body=1" for 127.0.0.1 at 2014-06-09 19:08:09 -0400
Served asset /relationships.css - 304 Not Modified (0ms)


Started GET "/assets/user_rel_contribs.css?body=1" for 127.0.0.1 at 2014-06-09 19:08:09 -0400
Served asset /user_rel_contribs.css - 304 Not Modified (0ms)


Started GET "/assets/users.css?body=1" for 127.0.0.1 at 2014-06-09 19:08:09 -0400
Served asset /users.css - 304 Not Modified (0ms)


Started GET "/assets/jquery.js?body=1" for 127.0.0.1 at 2014-06-09 19:08:09 -0400
Served asset /jquery.js - 304 Not Modified (0ms)


Started GET "/assets/groups.js?body=1" for 127.0.0.1 at 2014-06-09 19:08:09 -0400
Served asset /groups.js - 304 Not Modified (0ms)


Started GET "/assets/relationships.js?body=1" for 127.0.0.1 at 2014-06-09 19:08:09 -0400
Served asset /relationships.js - 304 Not Modified (0ms)


Started GET "/assets/jquery_ujs.js?body=1" for 127.0.0.1 at 2014-06-09 19:08:09 -0400
Served asset /jquery_ujs.js - 304 Not Modified (0ms)


Started GET "/assets/people.js?body=1" for 127.0.0.1 at 2014-06-09 19:08:09 -0400
Served asset /people.js - 304 Not Modified (0ms)


Started GET "/assets/user_rel_contribs.js?body=1" for 127.0.0.1 at 2014-06-09 19:08:09 -0400
Served asset /user_rel_contribs.js - 304 Not Modified (0ms)


Started GET "/assets/users.js?body=1" for 127.0.0.1 at 2014-06-09 19:08:09 -0400
Served asset /users.js - 304 Not Modified (0ms)


Started GET "/assets/application.js?body=1" for 127.0.0.1 at 2014-06-09 19:08:09 -0400
Served asset /application.js - 304 Not Modified (0ms)


Started GET "/people" for 127.0.0.1 at 2014-06-09 19:08:13 -0400
Processing by PeopleController#index as HTML
  [1m[35mPerson Load (0.2ms)[0m  SELECT "people".* FROM "people" 
  Rendered people/index.html.erb within layouts/application (6.9ms)
Completed 500 Internal Server Error in 10ms

ActionView::Template::Error (undefined method `original_id' for #<Person:0x000001012d07b0>):
    15: 
    16: <% @people.each do |person| %>
    17:   <tr>
    18:     <td><%= person.original_id %></td>
    19:     <td><%= person.name %></td>
    20:     <td><%= person.created_by %></td>
    21:     <td><%= person.birth_year %></td>
  app/views/people/index.html.erb:18:in `block in _app_views_people_index_html_erb__681623942697241598_2159530500'
  app/views/people/index.html.erb:16:in `each'
  app/views/people/index.html.erb:16:in `_app_views_people_index_html_erb__681623942697241598_2159530500'
  app/controllers/people_controller.rb:7:in `index'


  Rendered /Users/KatarinaShaw/.rvm/gems/ruby-1.9.3-p0/gems/actionpack-3.2.11/lib/action_dispatch/middleware/templates/rescues/_trace.erb (1.5ms)
  Rendered /Users/KatarinaShaw/.rvm/gems/ruby-1.9.3-p0/gems/actionpack-3.2.11/lib/action_dispatch/middleware/templates/rescues/_request_and_response.erb (1.1ms)
  Rendered /Users/KatarinaShaw/.rvm/gems/ruby-1.9.3-p0/gems/actionpack-3.2.11/lib/action_dispatch/middleware/templates/rescues/template_error.erb within rescues/layout (10.2ms)
Connecting to database specified by database.yml
Connecting to database specified by database.yml
  [1m[36m (0.1ms)[0m  [1mSELECT "schema_migrations"."version" FROM "schema_migrations" [0m
Migrating to CreateUserRelContribs (20140609004913)
Migrating to CreateUsers (20140609005018)
Migrating to CreateRelationships (20140609005101)
Migrating to CreatePeople (20140609005159)
Migrating to CreateGroups (20140609005242)
Migrating to AddDetailsToPerson (20140609230945)
  [1m[35m (0.0ms)[0m  select sqlite_version(*)
  [1m[36m (0.0ms)[0m  [1mbegin transaction[0m
  [1m[35m (1.0ms)[0m  ALTER TABLE "people" ADD "original_id" integer
  [1m[36m (0.1ms)[0m  [1mINSERT INTO "schema_migrations" ("version") VALUES ('20140609230945')[0m
  [1m[35m (2.7ms)[0m  commit transaction
  [1m[36m (0.1ms)[0m  [1mSELECT "schema_migrations"."version" FROM "schema_migrations" [0m


Started GET "/people" for 127.0.0.1 at 2014-06-09 19:10:12 -0400
Connecting to database specified by database.yml
Processing by PeopleController#index as HTML
  [1m[36mPerson Load (0.1ms)[0m  [1mSELECT "people".* FROM "people" [0m
  Rendered people/index.html.erb within layouts/application (4.8ms)
Completed 200 OK in 120ms (Views: 89.3ms | ActiveRecord: 2.4ms)


Started GET "/assets/groups.css?body=1" for 127.0.0.1 at 2014-06-09 19:10:13 -0400
Served asset /groups.css - 304 Not Modified (2ms)


Started GET "/assets/people.css?body=1" for 127.0.0.1 at 2014-06-09 19:10:13 -0400
Served asset /people.css - 304 Not Modified (2ms)


Started GET "/assets/relationships.css?body=1" for 127.0.0.1 at 2014-06-09 19:10:13 -0400
Served asset /relationships.css - 304 Not Modified (2ms)


Started GET "/assets/user_rel_contribs.css?body=1" for 127.0.0.1 at 2014-06-09 19:10:13 -0400
Served asset /user_rel_contribs.css - 304 Not Modified (1ms)


Started GET "/assets/scaffolds.css?body=1" for 127.0.0.1 at 2014-06-09 19:10:13 -0400
Served asset /scaffolds.css - 304 Not Modified (6ms)


Started GET "/assets/users.css?body=1" for 127.0.0.1 at 2014-06-09 19:10:13 -0400
Served asset /users.css - 304 Not Modified (2ms)


Started GET "/assets/jquery.js?body=1" for 127.0.0.1 at 2014-06-09 19:10:13 -0400
Served asset /jquery.js - 304 Not Modified (7ms)


Started GET "/assets/groups.js?body=1" for 127.0.0.1 at 2014-06-09 19:10:13 -0400
Served asset /groups.js - 304 Not Modified (1ms)


Started GET "/assets/jquery_ujs.js?body=1" for 127.0.0.1 at 2014-06-09 19:10:13 -0400
Served asset /jquery_ujs.js - 304 Not Modified (2ms)


Started GET "/assets/people.js?body=1" for 127.0.0.1 at 2014-06-09 19:10:13 -0400
Served asset /people.js - 304 Not Modified (1ms)


Started GET "/assets/relationships.js?body=1" for 127.0.0.1 at 2014-06-09 19:10:13 -0400
Served asset /relationships.js - 304 Not Modified (2ms)


Started GET "/assets/user_rel_contribs.js?body=1" for 127.0.0.1 at 2014-06-09 19:10:13 -0400
Served asset /user_rel_contribs.js - 304 Not Modified (1ms)


Started GET "/assets/application.js?body=1" for 127.0.0.1 at 2014-06-09 19:10:13 -0400
Served asset /application.js - 304 Not Modified (9ms)


Started GET "/assets/users.js?body=1" for 127.0.0.1 at 2014-06-09 19:10:13 -0400
Served asset /users.js - 304 Not Modified (1ms)


Started GET "/assets/application.css?body=1" for 127.0.0.1 at 2014-06-09 19:10:13 -0400
Served asset /application.css - 304 Not Modified (6ms)


Started GET "/people/1/edit" for 127.0.0.1 at 2014-06-09 19:10:18 -0400
Processing by PeopleController#edit as HTML
  Parameters: {"id"=>"1"}
  [1m[35mPerson Load (0.3ms)[0m  SELECT "people".* FROM "people" WHERE "people"."id" = ? LIMIT 1  [["id", "1"]]
  Rendered people/_form.html.erb (10.1ms)
  Rendered people/edit.html.erb within layouts/application (16.6ms)
Completed 200 OK in 67ms (Views: 64.8ms | ActiveRecord: 0.3ms)


Started GET "/assets/application.css?body=1" for 127.0.0.1 at 2014-06-09 19:10:19 -0400
Served asset /application.css - 304 Not Modified (0ms)


Started GET "/assets/people.css?body=1" for 127.0.0.1 at 2014-06-09 19:10:19 -0400
Served asset /people.css - 304 Not Modified (0ms)


Started GET "/assets/relationships.css?body=1" for 127.0.0.1 at 2014-06-09 19:10:19 -0400
Served asset /relationships.css - 304 Not Modified (0ms)


Started GET "/assets/user_rel_contribs.css?body=1" for 127.0.0.1 at 2014-06-09 19:10:19 -0400
Served asset /user_rel_contribs.css - 304 Not Modified (0ms)


Started GET "/assets/scaffolds.css?body=1" for 127.0.0.1 at 2014-06-09 19:10:19 -0400
Served asset /scaffolds.css - 304 Not Modified (0ms)


Started GET "/assets/users.css?body=1" for 127.0.0.1 at 2014-06-09 19:10:19 -0400
Served asset /users.css - 304 Not Modified (0ms)


Started GET "/assets/groups.css?body=1" for 127.0.0.1 at 2014-06-09 19:10:19 -0400
Served asset /groups.css - 304 Not Modified (0ms)


Started GET "/assets/jquery.js?body=1" for 127.0.0.1 at 2014-06-09 19:10:19 -0400
Served asset /jquery.js - 304 Not Modified (0ms)


Started GET "/assets/jquery_ujs.js?body=1" for 127.0.0.1 at 2014-06-09 19:10:19 -0400
Served asset /jquery_ujs.js - 304 Not Modified (0ms)


Started GET "/assets/user_rel_contribs.js?body=1" for 127.0.0.1 at 2014-06-09 19:10:19 -0400
Served asset /user_rel_contribs.js - 304 Not Modified (0ms)


Started GET "/assets/groups.js?body=1" for 127.0.0.1 at 2014-06-09 19:10:19 -0400
Served asset /groups.js - 304 Not Modified (0ms)


Started GET "/assets/users.js?body=1" for 127.0.0.1 at 2014-06-09 19:10:19 -0400
Served asset /users.js - 304 Not Modified (0ms)


Started GET "/assets/relationships.js?body=1" for 127.0.0.1 at 2014-06-09 19:10:19 -0400
Served asset /relationships.js - 304 Not Modified (0ms)


Started GET "/assets/people.js?body=1" for 127.0.0.1 at 2014-06-09 19:10:19 -0400
Served asset /people.js - 304 Not Modified (0ms)


Started GET "/assets/application.js?body=1" for 127.0.0.1 at 2014-06-09 19:10:19 -0400
Served asset /application.js - 304 Not Modified (0ms)


Started GET "/people/new" for 127.0.0.1 at 2014-06-09 19:10:25 -0400
Processing by PeopleController#new as HTML
  Rendered people/_form.html.erb (4.5ms)
  Rendered people/new.html.erb within layouts/application (6.0ms)
Completed 200 OK in 15ms (Views: 14.4ms | ActiveRecord: 0.0ms)


Started GET "/assets/application.css?body=1" for 127.0.0.1 at 2014-06-09 19:10:25 -0400
Served asset /application.css - 304 Not Modified (0ms)


Started GET "/assets/groups.css?body=1" for 127.0.0.1 at 2014-06-09 19:10:25 -0400
Served asset /groups.css - 304 Not Modified (0ms)


Started GET "/assets/people.css?body=1" for 127.0.0.1 at 2014-06-09 19:10:25 -0400
Served asset /people.css - 304 Not Modified (0ms)


Started GET "/assets/relationships.css?body=1" for 127.0.0.1 at 2014-06-09 19:10:25 -0400
Served asset /relationships.css - 304 Not Modified (0ms)


Started GET "/assets/scaffolds.css?body=1" for 127.0.0.1 at 2014-06-09 19:10:25 -0400
Served asset /scaffolds.css - 304 Not Modified (0ms)


Started GET "/assets/user_rel_contribs.css?body=1" for 127.0.0.1 at 2014-06-09 19:10:25 -0400
Served asset /user_rel_contribs.css - 304 Not Modified (0ms)


Started GET "/assets/users.css?body=1" for 127.0.0.1 at 2014-06-09 19:10:25 -0400
Served asset /users.css - 304 Not Modified (0ms)


Started GET "/assets/groups.js?body=1" for 127.0.0.1 at 2014-06-09 19:10:25 -0400
Served asset /groups.js - 304 Not Modified (0ms)


Started GET "/assets/relationships.js?body=1" for 127.0.0.1 at 2014-06-09 19:10:25 -0400
Served asset /relationships.js - 304 Not Modified (0ms)


Started GET "/assets/jquery.js?body=1" for 127.0.0.1 at 2014-06-09 19:10:25 -0400
Served asset /jquery.js - 304 Not Modified (0ms)


Started GET "/assets/people.js?body=1" for 127.0.0.1 at 2014-06-09 19:10:25 -0400
Served asset /people.js - 304 Not Modified (0ms)


Started GET "/assets/jquery_ujs.js?body=1" for 127.0.0.1 at 2014-06-09 19:10:25 -0400
Served asset /jquery_ujs.js - 304 Not Modified (0ms)


Started GET "/assets/user_rel_contribs.js?body=1" for 127.0.0.1 at 2014-06-09 19:10:25 -0400
Served asset /user_rel_contribs.js - 304 Not Modified (0ms)


Started GET "/assets/users.js?body=1" for 127.0.0.1 at 2014-06-09 19:10:25 -0400
Served asset /users.js - 304 Not Modified (0ms)


Started GET "/assets/application.js?body=1" for 127.0.0.1 at 2014-06-09 19:10:25 -0400
Served asset /application.js - 304 Not Modified (0ms)
Connecting to database specified by database.yml
Connecting to database specified by database.yml
Connecting to database specified by database.yml
  [1m[36m (2.0ms)[0m  [1mselect sqlite_version(*)[0m
  [1m[35m (2.1ms)[0m  CREATE TABLE "groups" ("id" INTEGER PRIMARY KEY AUTOINCREMENT NOT NULL, "name" varchar(255), "description" text, "created_by" integer, "created_at" datetime NOT NULL, "updated_at" datetime NOT NULL) 
  [1m[36m (1.6ms)[0m  [1mCREATE TABLE "people" ("id" INTEGER PRIMARY KEY AUTOINCREMENT NOT NULL, "name" varchar(255), "created_by" integer, "birth_year" integer, "death_year" integer, "historical_significance" text, "created_at" datetime NOT NULL, "updated_at" datetime NOT NULL, "original_id" integer) [0m
  [1m[35m (1.6ms)[0m  CREATE TABLE "relationships" ("id" INTEGER PRIMARY KEY AUTOINCREMENT NOT NULL, "person1_index" integer, "person2_index" integer, "original_certainty" decimal, "created_at" datetime NOT NULL, "updated_at" datetime NOT NULL) 
  [1m[36m (1.9ms)[0m  [1mCREATE TABLE "user_rel_contribs" ("id" INTEGER PRIMARY KEY AUTOINCREMENT NOT NULL, "relationship_id" integer, "created_by" integer, "confidence_type" varchar(255), "annotation" text, "bibliography" text, "relationship_type" varchar(255), "created_at" datetime NOT NULL, "updated_at" datetime NOT NULL) [0m
  [1m[35m (1.6ms)[0m  CREATE TABLE "users" ("id" INTEGER PRIMARY KEY AUTOINCREMENT NOT NULL, "first_name" varchar(255), "last_name" varchar(255), "email" varchar(255), "password_hash" varchar(255), "password_salt" varchar(255), "user_type" varchar(255), "affiliation" varchar(255), "is_admin" boolean, "about_description" text, "is_active" boolean, "created_at" datetime NOT NULL, "updated_at" datetime NOT NULL) 
  [1m[36m (1.5ms)[0m  [1mCREATE TABLE "schema_migrations" ("version" varchar(255) NOT NULL) [0m
  [1m[35m (1.4ms)[0m  CREATE UNIQUE INDEX "unique_schema_migrations" ON "schema_migrations" ("version")
  [1m[36m (0.1ms)[0m  [1mSELECT version FROM "schema_migrations"[0m
  [1m[35m (1.7ms)[0m  INSERT INTO "schema_migrations" (version) VALUES ('20140609230945')
  [1m[36m (2.3ms)[0m  [1mINSERT INTO "schema_migrations" (version) VALUES ('20140609004913')[0m
  [1m[35m (2.3ms)[0m  INSERT INTO "schema_migrations" (version) VALUES ('20140609005018')
  [1m[36m (1.9ms)[0m  [1mINSERT INTO "schema_migrations" (version) VALUES ('20140609005101')[0m
  [1m[35m (1.7ms)[0m  INSERT INTO "schema_migrations" (version) VALUES ('20140609005242')
  [1m[36m (0.1ms)[0m  [1mSELECT "schema_migrations"."version" FROM "schema_migrations" [0m
Connecting to database specified by database.yml
  [1m[36m (0.1ms)[0m  [1mSELECT "schema_migrations"."version" FROM "schema_migrations" [0m
Migrating to CreateUserRelContribs (20140609004913)
Migrating to CreateUsers (20140609005018)
Migrating to CreateRelationships (20140609005101)
Migrating to CreateGroups (20140609005242)
Migrating to CreatePeople (20140609232609)
  [1m[35m (0.0ms)[0m  select sqlite_version(*)
  [1m[36m (0.0ms)[0m  [1mbegin transaction[0m
  [1m[35m (0.2ms)[0m  CREATE TABLE "people" ("id" INTEGER PRIMARY KEY AUTOINCREMENT NOT NULL, "original_id" integer, "first_name" varchar(255), "last_name" varchar(255), "created_by" integer, "birth_year" integer, "death_year" integer, "historical_significance" text, "created_at" datetime NOT NULL, "updated_at" datetime NOT NULL) 
SQLite3::SQLException: table "people" already exists: CREATE TABLE "people" ("id" INTEGER PRIMARY KEY AUTOINCREMENT NOT NULL, "original_id" integer, "first_name" varchar(255), "last_name" varchar(255), "created_by" integer, "birth_year" integer, "death_year" integer, "historical_significance" text, "created_at" datetime NOT NULL, "updated_at" datetime NOT NULL) 
  [1m[36m (0.1ms)[0m  [1mrollback transaction[0m
Connecting to database specified by database.yml
  [1m[36m (1.7ms)[0m  [1mselect sqlite_version(*)[0m
  [1m[35m (2.5ms)[0m  CREATE TABLE "groups" ("id" INTEGER PRIMARY KEY AUTOINCREMENT NOT NULL, "name" varchar(255), "description" text, "created_by" integer, "created_at" datetime NOT NULL, "updated_at" datetime NOT NULL) 
  [1m[36m (1.4ms)[0m  [1mCREATE TABLE "people" ("id" INTEGER PRIMARY KEY AUTOINCREMENT NOT NULL, "name" varchar(255), "created_by" integer, "birth_year" integer, "death_year" integer, "historical_significance" text, "created_at" datetime NOT NULL, "updated_at" datetime NOT NULL, "original_id" integer) [0m
  [1m[35m (1.4ms)[0m  CREATE TABLE "relationships" ("id" INTEGER PRIMARY KEY AUTOINCREMENT NOT NULL, "person1_index" integer, "person2_index" integer, "original_certainty" decimal, "created_at" datetime NOT NULL, "updated_at" datetime NOT NULL) 
  [1m[36m (2.6ms)[0m  [1mCREATE TABLE "user_rel_contribs" ("id" INTEGER PRIMARY KEY AUTOINCREMENT NOT NULL, "relationship_id" integer, "created_by" integer, "confidence_type" varchar(255), "annotation" text, "bibliography" text, "relationship_type" varchar(255), "created_at" datetime NOT NULL, "updated_at" datetime NOT NULL) [0m
  [1m[35m (1.8ms)[0m  CREATE TABLE "users" ("id" INTEGER PRIMARY KEY AUTOINCREMENT NOT NULL, "first_name" varchar(255), "last_name" varchar(255), "email" varchar(255), "password_hash" varchar(255), "password_salt" varchar(255), "user_type" varchar(255), "affiliation" varchar(255), "is_admin" boolean, "about_description" text, "is_active" boolean, "created_at" datetime NOT NULL, "updated_at" datetime NOT NULL) 
  [1m[36m (1.9ms)[0m  [1mCREATE TABLE "schema_migrations" ("version" varchar(255) NOT NULL) [0m
  [1m[35m (1.8ms)[0m  CREATE UNIQUE INDEX "unique_schema_migrations" ON "schema_migrations" ("version")
  [1m[36m (0.1ms)[0m  [1mSELECT version FROM "schema_migrations"[0m
  [1m[35m (3.4ms)[0m  INSERT INTO "schema_migrations" (version) VALUES ('20140609230945')
  [1m[36m (2.1ms)[0m  [1mINSERT INTO "schema_migrations" (version) VALUES ('20140609004913')[0m
  [1m[35m (2.1ms)[0m  INSERT INTO "schema_migrations" (version) VALUES ('20140609005018')
  [1m[36m (2.1ms)[0m  [1mINSERT INTO "schema_migrations" (version) VALUES ('20140609005101')[0m
  [1m[35m (2.1ms)[0m  INSERT INTO "schema_migrations" (version) VALUES ('20140609005242')
  [1m[36m (0.1ms)[0m  [1mSELECT "schema_migrations"."version" FROM "schema_migrations" [0m
Connecting to database specified by database.yml
  [1m[36m (0.1ms)[0m  [1mSELECT "schema_migrations"."version" FROM "schema_migrations" [0m
Migrating to CreateUserRelContribs (20140609004913)
Migrating to CreateUsers (20140609005018)
Migrating to CreateRelationships (20140609005101)
Migrating to CreateGroups (20140609005242)
Migrating to CreatePeople (20140609232609)
  [1m[35m (0.0ms)[0m  select sqlite_version(*)
  [1m[36m (0.0ms)[0m  [1mbegin transaction[0m
  [1m[35m (0.3ms)[0m  CREATE TABLE "people" ("id" INTEGER PRIMARY KEY AUTOINCREMENT NOT NULL, "original_id" integer, "first_name" varchar(255), "last_name" varchar(255), "created_by" integer, "birth_year" integer, "death_year" integer, "historical_significance" text, "created_at" datetime NOT NULL, "updated_at" datetime NOT NULL) 
SQLite3::SQLException: table "people" already exists: CREATE TABLE "people" ("id" INTEGER PRIMARY KEY AUTOINCREMENT NOT NULL, "original_id" integer, "first_name" varchar(255), "last_name" varchar(255), "created_by" integer, "birth_year" integer, "death_year" integer, "historical_significance" text, "created_at" datetime NOT NULL, "updated_at" datetime NOT NULL) 
  [1m[36m (0.1ms)[0m  [1mrollback transaction[0m
Connecting to database specified by database.yml
  [1m[36m (0.2ms)[0m  [1mselect sqlite_version(*)[0m
  [1m[35m (2.3ms)[0m  CREATE TABLE "schema_migrations" ("version" varchar(255) NOT NULL) 
  [1m[36m (1.4ms)[0m  [1mCREATE UNIQUE INDEX "unique_schema_migrations" ON "schema_migrations" ("version")[0m
  [1m[35m (0.1ms)[0m  SELECT "schema_migrations"."version" FROM "schema_migrations" 
Migrating to CreateUserRelContribs (20140609004913)
  [1m[36m (0.0ms)[0m  [1mbegin transaction[0m
  [1m[35m (0.5ms)[0m  CREATE TABLE "user_rel_contribs" ("id" INTEGER PRIMARY KEY AUTOINCREMENT NOT NULL, "relationship_id" integer, "created_by" integer, "confidence_type" varchar(255), "annotation" text, "bibliography" text, "relationship_type" varchar(255), "created_at" datetime NOT NULL, "updated_at" datetime NOT NULL) 
  [1m[36m (0.5ms)[0m  [1mINSERT INTO "schema_migrations" ("version") VALUES ('20140609004913')[0m
  [1m[35m (3.2ms)[0m  commit transaction
Migrating to CreateUsers (20140609005018)
  [1m[36m (0.1ms)[0m  [1mbegin transaction[0m
  [1m[35m (0.5ms)[0m  CREATE TABLE "users" ("id" INTEGER PRIMARY KEY AUTOINCREMENT NOT NULL, "first_name" varchar(255), "last_name" varchar(255), "email" varchar(255), "password_hash" varchar(255), "password_salt" varchar(255), "user_type" varchar(255), "affiliation" varchar(255), "is_admin" boolean, "about_description" text, "is_active" boolean, "created_at" datetime NOT NULL, "updated_at" datetime NOT NULL) 
  [1m[36m (0.1ms)[0m  [1mINSERT INTO "schema_migrations" ("version") VALUES ('20140609005018')[0m
  [1m[35m (1.6ms)[0m  commit transaction
Migrating to CreateRelationships (20140609005101)
  [1m[36m (0.1ms)[0m  [1mbegin transaction[0m
  [1m[35m (0.4ms)[0m  CREATE TABLE "relationships" ("id" INTEGER PRIMARY KEY AUTOINCREMENT NOT NULL, "person1_index" integer, "person2_index" integer, "original_certainty" decimal, "created_at" datetime NOT NULL, "updated_at" datetime NOT NULL) 
  [1m[36m (0.1ms)[0m  [1mINSERT INTO "schema_migrations" ("version") VALUES ('20140609005101')[0m
  [1m[35m (1.8ms)[0m  commit transaction
Migrating to CreateGroups (20140609005242)
  [1m[36m (0.1ms)[0m  [1mbegin transaction[0m
  [1m[35m (0.4ms)[0m  CREATE TABLE "groups" ("id" INTEGER PRIMARY KEY AUTOINCREMENT NOT NULL, "name" varchar(255), "description" text, "created_by" integer, "created_at" datetime NOT NULL, "updated_at" datetime NOT NULL) 
  [1m[36m (0.1ms)[0m  [1mINSERT INTO "schema_migrations" ("version") VALUES ('20140609005242')[0m
  [1m[35m (1.5ms)[0m  commit transaction
Migrating to CreatePeople (20140609232609)
  [1m[36m (0.1ms)[0m  [1mbegin transaction[0m
  [1m[35m (0.5ms)[0m  CREATE TABLE "people" ("id" INTEGER PRIMARY KEY AUTOINCREMENT NOT NULL, "original_id" integer, "first_name" varchar(255), "last_name" varchar(255), "created_by" integer, "birth_year" integer, "death_year" integer, "historical_significance" text, "created_at" datetime NOT NULL, "updated_at" datetime NOT NULL) 
  [1m[36m (0.1ms)[0m  [1mINSERT INTO "schema_migrations" ("version") VALUES ('20140609232609')[0m
  [1m[35m (1.9ms)[0m  commit transaction
  [1m[36m (0.1ms)[0m  [1mSELECT "schema_migrations"."version" FROM "schema_migrations" [0m
Connecting to database specified by database.yml
  [1m[36m (0.1ms)[0m  [1mSELECT "schema_migrations"."version" FROM "schema_migrations" [0m
Migrating to CreateUserRelContribs (20140609004913)
Migrating to CreateUsers (20140609005018)
Migrating to CreateRelationships (20140609005101)
Migrating to CreateGroups (20140609005242)
Migrating to CreatePeople (20140609232609)
  [1m[35m (0.1ms)[0m  select sqlite_version(*)
  [1m[36m (0.1ms)[0m  [1mSELECT "schema_migrations"."version" FROM "schema_migrations" [0m


Started GET "/assets/rails.png" for 127.0.0.1 at 2014-06-09 19:39:12 -0400
Connecting to database specified by database.yml
Served asset /rails.png - 304 Not Modified (19ms)


Started GET "/people" for 127.0.0.1 at 2014-06-09 19:39:19 -0400
Processing by PeopleController#index as HTML
  [1m[36mPerson Load (0.1ms)[0m  [1mSELECT "people".* FROM "people" [0m
  Rendered people/index.html.erb within layouts/application (3.0ms)
Completed 200 OK in 361ms (Views: 307.0ms | ActiveRecord: 2.2ms)


Started GET "/assets/groups.css?body=1" for 127.0.0.1 at 2014-06-09 19:39:19 -0400
Served asset /groups.css - 304 Not Modified (1ms)


Started GET "/assets/people.css?body=1" for 127.0.0.1 at 2014-06-09 19:39:19 -0400
Served asset /people.css - 304 Not Modified (2ms)


Started GET "/assets/relationships.css?body=1" for 127.0.0.1 at 2014-06-09 19:39:19 -0400
Served asset /relationships.css - 304 Not Modified (2ms)


Started GET "/assets/user_rel_contribs.css?body=1" for 127.0.0.1 at 2014-06-09 19:39:19 -0400
Served asset /user_rel_contribs.css - 304 Not Modified (2ms)


Started GET "/assets/scaffolds.css?body=1" for 127.0.0.1 at 2014-06-09 19:39:19 -0400
Served asset /scaffolds.css - 304 Not Modified (2ms)


Started GET "/assets/users.css?body=1" for 127.0.0.1 at 2014-06-09 19:39:19 -0400
Served asset /users.css - 304 Not Modified (1ms)


Started GET "/assets/application.css?body=1" for 127.0.0.1 at 2014-06-09 19:39:19 -0400
Served asset /application.css - 304 Not Modified (8ms)


Started GET "/assets/jquery.js?body=1" for 127.0.0.1 at 2014-06-09 19:39:19 -0400
Served asset /jquery.js - 304 Not Modified (3ms)


Started GET "/assets/jquery_ujs.js?body=1" for 127.0.0.1 at 2014-06-09 19:39:19 -0400
Served asset /jquery_ujs.js - 304 Not Modified (2ms)


Started GET "/assets/groups.js?body=1" for 127.0.0.1 at 2014-06-09 19:39:19 -0400
Served asset /groups.js - 304 Not Modified (1ms)


Started GET "/assets/people.js?body=1" for 127.0.0.1 at 2014-06-09 19:39:19 -0400
Served asset /people.js - 304 Not Modified (1ms)


Started GET "/assets/relationships.js?body=1" for 127.0.0.1 at 2014-06-09 19:39:19 -0400
Served asset /relationships.js - 304 Not Modified (1ms)


Started GET "/assets/user_rel_contribs.js?body=1" for 127.0.0.1 at 2014-06-09 19:39:19 -0400
Served asset /user_rel_contribs.js - 304 Not Modified (1ms)


Started GET "/assets/users.js?body=1" for 127.0.0.1 at 2014-06-09 19:39:19 -0400
Served asset /users.js - 304 Not Modified (1ms)


Started GET "/assets/application.js?body=1" for 127.0.0.1 at 2014-06-09 19:39:19 -0400
Served asset /application.js - 304 Not Modified (9ms)


Started GET "/people/new" for 127.0.0.1 at 2014-06-09 19:39:22 -0400
Processing by PeopleController#new as HTML
  Rendered people/_form.html.erb (10.6ms)
  Rendered people/new.html.erb within layouts/application (14.8ms)
Completed 200 OK in 87ms (Views: 72.7ms | ActiveRecord: 0.0ms)


Started GET "/assets/groups.css?body=1" for 127.0.0.1 at 2014-06-09 19:39:22 -0400
Served asset /groups.css - 304 Not Modified (0ms)


Started GET "/assets/people.css?body=1" for 127.0.0.1 at 2014-06-09 19:39:22 -0400
Served asset /people.css - 304 Not Modified (0ms)


Started GET "/assets/relationships.css?body=1" for 127.0.0.1 at 2014-06-09 19:39:22 -0400
Served asset /relationships.css - 304 Not Modified (0ms)


Started GET "/assets/scaffolds.css?body=1" for 127.0.0.1 at 2014-06-09 19:39:22 -0400
Served asset /scaffolds.css - 304 Not Modified (0ms)


Started GET "/assets/user_rel_contribs.css?body=1" for 127.0.0.1 at 2014-06-09 19:39:22 -0400
Served asset /user_rel_contribs.css - 304 Not Modified (0ms)


Started GET "/assets/users.css?body=1" for 127.0.0.1 at 2014-06-09 19:39:22 -0400
Served asset /users.css - 304 Not Modified (0ms)


Started GET "/assets/jquery.js?body=1" for 127.0.0.1 at 2014-06-09 19:39:22 -0400
Served asset /jquery.js - 304 Not Modified (0ms)


Started GET "/assets/jquery_ujs.js?body=1" for 127.0.0.1 at 2014-06-09 19:39:22 -0400
Served asset /jquery_ujs.js - 304 Not Modified (0ms)


Started GET "/assets/groups.js?body=1" for 127.0.0.1 at 2014-06-09 19:39:22 -0400
Served asset /groups.js - 304 Not Modified (0ms)


Started GET "/assets/people.js?body=1" for 127.0.0.1 at 2014-06-09 19:39:22 -0400
Served asset /people.js - 304 Not Modified (1ms)


Started GET "/assets/relationships.js?body=1" for 127.0.0.1 at 2014-06-09 19:39:22 -0400
Served asset /relationships.js - 304 Not Modified (0ms)


Started GET "/assets/users.js?body=1" for 127.0.0.1 at 2014-06-09 19:39:22 -0400
Served asset /users.js - 304 Not Modified (0ms)


Started GET "/assets/user_rel_contribs.js?body=1" for 127.0.0.1 at 2014-06-09 19:39:22 -0400
Served asset /user_rel_contribs.js - 304 Not Modified (0ms)


Started GET "/assets/application.js?body=1" for 127.0.0.1 at 2014-06-09 19:39:22 -0400
Served asset /application.js - 304 Not Modified (0ms)


Started GET "/assets/application.css?body=1" for 127.0.0.1 at 2014-06-09 19:39:22 -0400
Served asset /application.css - 304 Not Modified (0ms)
